{"C:\\Users\\91883\\OneDrive\\Desktop\\coding\\employee_system\\backend\\src\\config\\db.js": {"path":"C:\\Users\\91883\\OneDrive\\Desktop\\coding\\employee_system\\backend\\src\\config\\db.js","statementMap":{"0":{"start":{"line":1,"column":17},"end":{"line":1,"column":30}},"1":{"start":{"line":3,"column":13},"end":{"line":11,"column":6}},"2":{"start":{"line":13,"column":0},"end":{"line":16,"column":2}},"3":{"start":{"line":15,"column":27},"end":{"line":15,"column":51}}},"fnMap":{"0":{"name":"(anonymous_0)","decl":{"start":{"line":15,"column":9},"end":{"line":15,"column":10}},"loc":{"start":{"line":15,"column":27},"end":{"line":15,"column":51}},"line":15}},"branchMap":{"0":{"loc":{"start":{"line":3,"column":13},"end":{"line":11,"column":6}},"type":"cond-expr","locations":[{"start":{"line":4,"column":4},"end":{"line":4,"column":60}},{"start":{"line":5,"column":4},"end":{"line":11,"column":6}}],"line":3},"1":{"loc":{"start":{"line":6,"column":12},"end":{"line":6,"column":45}},"type":"binary-expr","locations":[{"start":{"line":6,"column":12},"end":{"line":6,"column":31}},{"start":{"line":6,"column":35},"end":{"line":6,"column":45}}],"line":6},"2":{"loc":{"start":{"line":7,"column":12},"end":{"line":7,"column":46}},"type":"binary-expr","locations":[{"start":{"line":7,"column":12},"end":{"line":7,"column":31}},{"start":{"line":7,"column":35},"end":{"line":7,"column":46}}],"line":7},"3":{"loc":{"start":{"line":8,"column":16},"end":{"line":8,"column":52}},"type":"binary-expr","locations":[{"start":{"line":8,"column":16},"end":{"line":8,"column":35}},{"start":{"line":8,"column":39},"end":{"line":8,"column":52}}],"line":8},"4":{"loc":{"start":{"line":9,"column":16},"end":{"line":9,"column":55}},"type":"binary-expr","locations":[{"start":{"line":9,"column":16},"end":{"line":9,"column":39}},{"start":{"line":9,"column":43},"end":{"line":9,"column":55}}],"line":9},"5":{"loc":{"start":{"line":10,"column":12},"end":{"line":10,"column":39}},"type":"binary-expr","locations":[{"start":{"line":10,"column":12},"end":{"line":10,"column":31}},{"start":{"line":10,"column":35},"end":{"line":10,"column":39}}],"line":10}},"s":{"0":1,"1":1,"2":1,"3":0},"f":{"0":0},"b":{"0":[0,1],"1":[1,1],"2":[1,1],"3":[1,1],"4":[1,1],"5":[1,1]},"_coverageSchema":"1a1c01bbd47fc00a2c39e90264f33305004495a9","hash":"cf6e1e22f72d45983848377c622f6f8a6c416a41"}
,"C:\\Users\\91883\\OneDrive\\Desktop\\coding\\employee_system\\backend\\src\\repositories\\assetRepository.js": {"path":"C:\\Users\\91883\\OneDrive\\Desktop\\coding\\employee_system\\backend\\src\\repositories\\assetRepository.js","statementMap":{"0":{"start":{"line":1,"column":11},"end":{"line":1,"column":34}},"1":{"start":{"line":5,"column":16},"end":{"line":11,"column":5}},"2":{"start":{"line":12,"column":17},"end":{"line":12,"column":19}},"3":{"start":{"line":14,"column":4},"end":{"line":17,"column":5}},"4":{"start":{"line":15,"column":6},"end":{"line":15,"column":26}},"5":{"start":{"line":16,"column":6},"end":{"line":16,"column":51}},"6":{"start":{"line":19,"column":4},"end":{"line":22,"column":5}},"7":{"start":{"line":20,"column":6},"end":{"line":20,"column":28}},"8":{"start":{"line":21,"column":6},"end":{"line":21,"column":59}},"9":{"start":{"line":24,"column":4},"end":{"line":32,"column":5}},"10":{"start":{"line":25,"column":6},"end":{"line":31,"column":7}},"11":{"start":{"line":26,"column":8},"end":{"line":26,"column":53}},"12":{"start":{"line":27,"column":8},"end":{"line":27,"column":59}},"13":{"start":{"line":29,"column":8},"end":{"line":29,"column":46}},"14":{"start":{"line":30,"column":8},"end":{"line":30,"column":55}},"15":{"start":{"line":34,"column":4},"end":{"line":37,"column":5}},"16":{"start":{"line":35,"column":6},"end":{"line":35,"column":33}},"17":{"start":{"line":36,"column":6},"end":{"line":36,"column":101}},"18":{"start":{"line":39,"column":4},"end":{"line":39,"column":34}},"19":{"start":{"line":41,"column":4},"end":{"line":44,"column":5}},"20":{"start":{"line":42,"column":6},"end":{"line":42,"column":61}},"21":{"start":{"line":43,"column":6},"end":{"line":43,"column":71}},"22":{"start":{"line":46,"column":19},"end":{"line":46,"column":48}},"23":{"start":{"line":49,"column":21},"end":{"line":55,"column":5}},"24":{"start":{"line":56,"column":22},"end":{"line":56,"column":24}},"25":{"start":{"line":58,"column":4},"end":{"line":61,"column":5}},"26":{"start":{"line":59,"column":6},"end":{"line":59,"column":31}},"27":{"start":{"line":60,"column":6},"end":{"line":60,"column":61}},"28":{"start":{"line":62,"column":4},"end":{"line":65,"column":5}},"29":{"start":{"line":63,"column":6},"end":{"line":63,"column":33}},"30":{"start":{"line":64,"column":6},"end":{"line":64,"column":69}},"31":{"start":{"line":66,"column":4},"end":{"line":74,"column":5}},"32":{"start":{"line":67,"column":6},"end":{"line":73,"column":7}},"33":{"start":{"line":68,"column":8},"end":{"line":68,"column":58}},"34":{"start":{"line":69,"column":8},"end":{"line":69,"column":69}},"35":{"start":{"line":71,"column":8},"end":{"line":71,"column":51}},"36":{"start":{"line":72,"column":8},"end":{"line":72,"column":65}},"37":{"start":{"line":75,"column":4},"end":{"line":78,"column":5}},"38":{"start":{"line":76,"column":6},"end":{"line":76,"column":38}},"39":{"start":{"line":77,"column":6},"end":{"line":77,"column":116}},"40":{"start":{"line":80,"column":24},"end":{"line":80,"column":63}},"41":{"start":{"line":82,"column":4},"end":{"line":85,"column":6}},"42":{"start":{"line":89,"column":19},"end":{"line":89,"column":81}},"43":{"start":{"line":90,"column":4},"end":{"line":90,"column":26}},"44":{"start":{"line":94,"column":81},"end":{"line":94,"column":90}},"45":{"start":{"line":95,"column":19},"end":{"line":99,"column":5}},"46":{"start":{"line":100,"column":4},"end":{"line":100,"column":26}},"47":{"start":{"line":104,"column":19},"end":{"line":107,"column":5}},"48":{"start":{"line":108,"column":4},"end":{"line":108,"column":26}},"49":{"start":{"line":112,"column":19},"end":{"line":116,"column":5}},"50":{"start":{"line":117,"column":4},"end":{"line":117,"column":26}},"51":{"start":{"line":121,"column":19},"end":{"line":125,"column":5}},"52":{"start":{"line":126,"column":4},"end":{"line":126,"column":26}},"53":{"start":{"line":130,"column":4},"end":{"line":134,"column":6}},"54":{"start":{"line":138,"column":19},"end":{"line":144,"column":5}},"55":{"start":{"line":145,"column":4},"end":{"line":145,"column":23}},"56":{"start":{"line":149,"column":0},"end":{"line":149,"column":39}}},"fnMap":{"0":{"name":"(anonymous_0)","decl":{"start":{"line":4,"column":2},"end":{"line":4,"column":3}},"loc":{"start":{"line":4,"column":80},"end":{"line":86,"column":3}},"line":4},"1":{"name":"(anonymous_1)","decl":{"start":{"line":88,"column":2},"end":{"line":88,"column":3}},"loc":{"start":{"line":88,"column":34},"end":{"line":91,"column":3}},"line":88},"2":{"name":"(anonymous_2)","decl":{"start":{"line":93,"column":2},"end":{"line":93,"column":3}},"loc":{"start":{"line":93,"column":39},"end":{"line":101,"column":3}},"line":93},"3":{"name":"(anonymous_3)","decl":{"start":{"line":103,"column":2},"end":{"line":103,"column":3}},"loc":{"start":{"line":103,"column":46},"end":{"line":109,"column":3}},"line":103},"4":{"name":"(anonymous_4)","decl":{"start":{"line":111,"column":2},"end":{"line":111,"column":3}},"loc":{"start":{"line":111,"column":64},"end":{"line":118,"column":3}},"line":111},"5":{"name":"(anonymous_5)","decl":{"start":{"line":120,"column":2},"end":{"line":120,"column":3}},"loc":{"start":{"line":120,"column":51},"end":{"line":127,"column":3}},"line":120},"6":{"name":"(anonymous_6)","decl":{"start":{"line":129,"column":2},"end":{"line":129,"column":3}},"loc":{"start":{"line":129,"column":69},"end":{"line":135,"column":3}},"line":129},"7":{"name":"(anonymous_7)","decl":{"start":{"line":137,"column":2},"end":{"line":137,"column":3}},"loc":{"start":{"line":137,"column":28},"end":{"line":146,"column":3}},"line":137}},"branchMap":{"0":{"loc":{"start":{"line":14,"column":4},"end":{"line":17,"column":5}},"type":"if","locations":[{"start":{"line":14,"column":4},"end":{"line":17,"column":5}},{"start":{},"end":{}}],"line":14},"1":{"loc":{"start":{"line":19,"column":4},"end":{"line":22,"column":5}},"type":"if","locations":[{"start":{"line":19,"column":4},"end":{"line":22,"column":5}},{"start":{},"end":{}}],"line":19},"2":{"loc":{"start":{"line":24,"column":4},"end":{"line":32,"column":5}},"type":"if","locations":[{"start":{"line":24,"column":4},"end":{"line":32,"column":5}},{"start":{},"end":{}}],"line":24},"3":{"loc":{"start":{"line":25,"column":6},"end":{"line":31,"column":7}},"type":"if","locations":[{"start":{"line":25,"column":6},"end":{"line":31,"column":7}},{"start":{"line":28,"column":13},"end":{"line":31,"column":7}}],"line":25},"4":{"loc":{"start":{"line":34,"column":4},"end":{"line":37,"column":5}},"type":"if","locations":[{"start":{"line":34,"column":4},"end":{"line":37,"column":5}},{"start":{},"end":{}}],"line":34},"5":{"loc":{"start":{"line":41,"column":4},"end":{"line":44,"column":5}},"type":"if","locations":[{"start":{"line":41,"column":4},"end":{"line":44,"column":5}},{"start":{},"end":{}}],"line":41},"6":{"loc":{"start":{"line":41,"column":8},"end":{"line":41,"column":51}},"type":"binary-expr","locations":[{"start":{"line":41,"column":8},"end":{"line":41,"column":27}},{"start":{"line":41,"column":31},"end":{"line":41,"column":51}}],"line":41},"7":{"loc":{"start":{"line":58,"column":4},"end":{"line":61,"column":5}},"type":"if","locations":[{"start":{"line":58,"column":4},"end":{"line":61,"column":5}},{"start":{},"end":{}}],"line":58},"8":{"loc":{"start":{"line":62,"column":4},"end":{"line":65,"column":5}},"type":"if","locations":[{"start":{"line":62,"column":4},"end":{"line":65,"column":5}},{"start":{},"end":{}}],"line":62},"9":{"loc":{"start":{"line":66,"column":4},"end":{"line":74,"column":5}},"type":"if","locations":[{"start":{"line":66,"column":4},"end":{"line":74,"column":5}},{"start":{},"end":{}}],"line":66},"10":{"loc":{"start":{"line":67,"column":6},"end":{"line":73,"column":7}},"type":"if","locations":[{"start":{"line":67,"column":6},"end":{"line":73,"column":7}},{"start":{"line":70,"column":13},"end":{"line":73,"column":7}}],"line":67},"11":{"loc":{"start":{"line":75,"column":4},"end":{"line":78,"column":5}},"type":"if","locations":[{"start":{"line":75,"column":4},"end":{"line":78,"column":5}},{"start":{},"end":{}}],"line":75},"12":{"loc":{"start":{"line":88,"column":21},"end":{"line":88,"column":32}},"type":"default-arg","locations":[{"start":{"line":88,"column":30},"end":{"line":88,"column":32}}],"line":88},"13":{"loc":{"start":{"line":93,"column":26},"end":{"line":93,"column":37}},"type":"default-arg","locations":[{"start":{"line":93,"column":35},"end":{"line":93,"column":37}}],"line":93},"14":{"loc":{"start":{"line":98,"column":43},"end":{"line":98,"column":64}},"type":"binary-expr","locations":[{"start":{"line":98,"column":43},"end":{"line":98,"column":56}},{"start":{"line":98,"column":60},"end":{"line":98,"column":64}}],"line":98},"15":{"loc":{"start":{"line":98,"column":66},"end":{"line":98,"column":87}},"type":"binary-expr","locations":[{"start":{"line":98,"column":66},"end":{"line":98,"column":79}},{"start":{"line":98,"column":83},"end":{"line":98,"column":87}}],"line":98},"16":{"loc":{"start":{"line":103,"column":33},"end":{"line":103,"column":44}},"type":"default-arg","locations":[{"start":{"line":103,"column":42},"end":{"line":103,"column":44}}],"line":103},"17":{"loc":{"start":{"line":111,"column":51},"end":{"line":111,"column":62}},"type":"default-arg","locations":[{"start":{"line":111,"column":60},"end":{"line":111,"column":62}}],"line":111},"18":{"loc":{"start":{"line":120,"column":38},"end":{"line":120,"column":49}},"type":"default-arg","locations":[{"start":{"line":120,"column":47},"end":{"line":120,"column":49}}],"line":120},"19":{"loc":{"start":{"line":129,"column":56},"end":{"line":129,"column":67}},"type":"default-arg","locations":[{"start":{"line":129,"column":65},"end":{"line":129,"column":67}}],"line":129}},"s":{"0":1,"1":0,"2":0,"3":0,"4":0,"5":0,"6":0,"7":0,"8":0,"9":0,"10":0,"11":0,"12":0,"13":0,"14":0,"15":0,"16":0,"17":0,"18":0,"19":0,"20":0,"21":0,"22":0,"23":0,"24":0,"25":0,"26":0,"27":0,"28":0,"29":0,"30":0,"31":0,"32":0,"33":0,"34":0,"35":0,"36":0,"37":0,"38":0,"39":0,"40":0,"41":0,"42":0,"43":0,"44":0,"45":0,"46":0,"47":0,"48":0,"49":0,"50":0,"51":0,"52":0,"53":0,"54":0,"55":0,"56":1},"f":{"0":0,"1":0,"2":0,"3":0,"4":0,"5":0,"6":0,"7":0},"b":{"0":[0,0],"1":[0,0],"2":[0,0],"3":[0,0],"4":[0,0],"5":[0,0],"6":[0,0],"7":[0,0],"8":[0,0],"9":[0,0],"10":[0,0],"11":[0,0],"12":[0],"13":[0],"14":[0,0],"15":[0,0],"16":[0],"17":[0],"18":[0],"19":[0]},"_coverageSchema":"1a1c01bbd47fc00a2c39e90264f33305004495a9","hash":"14beadd0a9f9e92d4c2d84b8c09fa5db2823f82e"}
,"C:\\Users\\91883\\OneDrive\\Desktop\\coding\\employee_system\\backend\\src\\repositories\\authRepository.js": {"path":"C:\\Users\\91883\\OneDrive\\Desktop\\coding\\employee_system\\backend\\src\\repositories\\authRepository.js","statementMap":{"0":{"start":{"line":1,"column":11},"end":{"line":1,"column":34}},"1":{"start":{"line":5,"column":19},"end":{"line":11,"column":5}},"2":{"start":{"line":12,"column":4},"end":{"line":12,"column":26}},"3":{"start":{"line":16,"column":19},"end":{"line":21,"column":5}},"4":{"start":{"line":22,"column":4},"end":{"line":22,"column":26}},"5":{"start":{"line":26,"column":19},"end":{"line":31,"column":5}},"6":{"start":{"line":32,"column":4},"end":{"line":32,"column":26}},"7":{"start":{"line":36,"column":0},"end":{"line":36,"column":38}}},"fnMap":{"0":{"name":"(anonymous_0)","decl":{"start":{"line":4,"column":2},"end":{"line":4,"column":3}},"loc":{"start":{"line":4,"column":27},"end":{"line":13,"column":3}},"line":4},"1":{"name":"(anonymous_1)","decl":{"start":{"line":15,"column":2},"end":{"line":15,"column":3}},"loc":{"start":{"line":15,"column":48},"end":{"line":23,"column":3}},"line":15},"2":{"name":"(anonymous_2)","decl":{"start":{"line":25,"column":2},"end":{"line":25,"column":3}},"loc":{"start":{"line":25,"column":43},"end":{"line":33,"column":3}},"line":25}},"branchMap":{"0":{"loc":{"start":{"line":30,"column":15},"end":{"line":30,"column":32}},"type":"binary-expr","locations":[{"start":{"line":30,"column":15},"end":{"line":30,"column":26}},{"start":{"line":30,"column":30},"end":{"line":30,"column":32}}],"line":30}},"s":{"0":1,"1":0,"2":0,"3":0,"4":0,"5":0,"6":0,"7":1},"f":{"0":0,"1":0,"2":0},"b":{"0":[0,0]},"_coverageSchema":"1a1c01bbd47fc00a2c39e90264f33305004495a9","hash":"92decda8461e5be6ab4885f01dc15046131b8e34"}
,"C:\\Users\\91883\\OneDrive\\Desktop\\coding\\employee_system\\backend\\src\\repositories\\employeeRepository.js": {"path":"C:\\Users\\91883\\OneDrive\\Desktop\\coding\\employee_system\\backend\\src\\repositories\\employeeRepository.js","statementMap":{"0":{"start":{"line":1,"column":11},"end":{"line":1,"column":34}},"1":{"start":{"line":5,"column":16},"end":{"line":13,"column":5}},"2":{"start":{"line":14,"column":19},"end":{"line":14,"column":21}},"3":{"start":{"line":16,"column":4},"end":{"line":19,"column":5}},"4":{"start":{"line":17,"column":6},"end":{"line":17,"column":33}},"5":{"start":{"line":18,"column":6},"end":{"line":18,"column":90}},"6":{"start":{"line":21,"column":4},"end":{"line":24,"column":5}},"7":{"start":{"line":22,"column":6},"end":{"line":22,"column":30}},"8":{"start":{"line":23,"column":6},"end":{"line":23,"column":64}},"9":{"start":{"line":26,"column":4},"end":{"line":26,"column":34}},"10":{"start":{"line":28,"column":4},"end":{"line":33,"column":5}},"11":{"start":{"line":29,"column":23},"end":{"line":29,"column":42}},"12":{"start":{"line":30,"column":24},"end":{"line":30,"column":59}},"13":{"start":{"line":31,"column":6},"end":{"line":31,"column":39}},"14":{"start":{"line":32,"column":6},"end":{"line":32,"column":71}},"15":{"start":{"line":35,"column":19},"end":{"line":35,"column":48}},"16":{"start":{"line":36,"column":4},"end":{"line":36,"column":23}},"17":{"start":{"line":40,"column":16},"end":{"line":46,"column":5}},"18":{"start":{"line":47,"column":19},"end":{"line":47,"column":21}},"19":{"start":{"line":49,"column":4},"end":{"line":52,"column":5}},"20":{"start":{"line":50,"column":6},"end":{"line":50,"column":33}},"21":{"start":{"line":51,"column":6},"end":{"line":51,"column":90}},"22":{"start":{"line":54,"column":4},"end":{"line":57,"column":5}},"23":{"start":{"line":55,"column":6},"end":{"line":55,"column":30}},"24":{"start":{"line":56,"column":6},"end":{"line":56,"column":64}},"25":{"start":{"line":59,"column":19},"end":{"line":59,"column":48}},"26":{"start":{"line":60,"column":4},"end":{"line":60,"column":46}},"27":{"start":{"line":64,"column":18},"end":{"line":71,"column":5}},"28":{"start":{"line":72,"column":19},"end":{"line":72,"column":46}},"29":{"start":{"line":73,"column":4},"end":{"line":73,"column":26}},"30":{"start":{"line":77,"column":19},"end":{"line":83,"column":5}},"31":{"start":{"line":84,"column":4},"end":{"line":84,"column":23}},"32":{"start":{"line":88,"column":19},"end":{"line":91,"column":5}},"33":{"start":{"line":92,"column":4},"end":{"line":92,"column":26}},"34":{"start":{"line":96,"column":19},"end":{"line":101,"column":5}},"35":{"start":{"line":102,"column":4},"end":{"line":102,"column":26}},"36":{"start":{"line":106,"column":4},"end":{"line":106,"column":90}},"37":{"start":{"line":110,"column":19},"end":{"line":110,"column":67}},"38":{"start":{"line":110,"column":40},"end":{"line":110,"column":55}},"39":{"start":{"line":111,"column":19},"end":{"line":111,"column":41}},"40":{"start":{"line":112,"column":4},"end":{"line":112,"column":103}},"41":{"start":{"line":116,"column":19},"end":{"line":116,"column":86}},"42":{"start":{"line":117,"column":4},"end":{"line":117,"column":26}},"43":{"start":{"line":121,"column":0},"end":{"line":121,"column":42}}},"fnMap":{"0":{"name":"(anonymous_0)","decl":{"start":{"line":4,"column":2},"end":{"line":4,"column":3}},"loc":{"start":{"line":4,"column":53},"end":{"line":37,"column":3}},"line":4},"1":{"name":"(anonymous_1)","decl":{"start":{"line":39,"column":2},"end":{"line":39,"column":3}},"loc":{"start":{"line":39,"column":41},"end":{"line":61,"column":3}},"line":39},"2":{"name":"(anonymous_2)","decl":{"start":{"line":63,"column":2},"end":{"line":63,"column":3}},"loc":{"start":{"line":63,"column":21},"end":{"line":74,"column":3}},"line":63},"3":{"name":"(anonymous_3)","decl":{"start":{"line":76,"column":2},"end":{"line":76,"column":3}},"loc":{"start":{"line":76,"column":41},"end":{"line":85,"column":3}},"line":76},"4":{"name":"(anonymous_4)","decl":{"start":{"line":87,"column":2},"end":{"line":87,"column":3}},"loc":{"start":{"line":87,"column":59},"end":{"line":93,"column":3}},"line":87},"5":{"name":"(anonymous_5)","decl":{"start":{"line":95,"column":2},"end":{"line":95,"column":3}},"loc":{"start":{"line":95,"column":99},"end":{"line":103,"column":3}},"line":95},"6":{"name":"(anonymous_6)","decl":{"start":{"line":105,"column":2},"end":{"line":105,"column":3}},"loc":{"start":{"line":105,"column":44},"end":{"line":107,"column":3}},"line":105},"7":{"name":"(anonymous_7)","decl":{"start":{"line":109,"column":2},"end":{"line":109,"column":3}},"loc":{"start":{"line":109,"column":50},"end":{"line":113,"column":3}},"line":109},"8":{"name":"(anonymous_8)","decl":{"start":{"line":110,"column":30},"end":{"line":110,"column":31}},"loc":{"start":{"line":110,"column":40},"end":{"line":110,"column":55}},"line":110},"9":{"name":"(anonymous_9)","decl":{"start":{"line":115,"column":2},"end":{"line":115,"column":3}},"loc":{"start":{"line":115,"column":23},"end":{"line":118,"column":3}},"line":115}},"branchMap":{"0":{"loc":{"start":{"line":16,"column":4},"end":{"line":19,"column":5}},"type":"if","locations":[{"start":{"line":16,"column":4},"end":{"line":19,"column":5}},{"start":{},"end":{}}],"line":16},"1":{"loc":{"start":{"line":21,"column":4},"end":{"line":24,"column":5}},"type":"if","locations":[{"start":{"line":21,"column":4},"end":{"line":24,"column":5}},{"start":{},"end":{}}],"line":21},"2":{"loc":{"start":{"line":28,"column":4},"end":{"line":33,"column":5}},"type":"if","locations":[{"start":{"line":28,"column":4},"end":{"line":33,"column":5}},{"start":{},"end":{}}],"line":28},"3":{"loc":{"start":{"line":28,"column":8},"end":{"line":28,"column":21}},"type":"binary-expr","locations":[{"start":{"line":28,"column":8},"end":{"line":28,"column":12}},{"start":{"line":28,"column":16},"end":{"line":28,"column":21}}],"line":28},"4":{"loc":{"start":{"line":49,"column":4},"end":{"line":52,"column":5}},"type":"if","locations":[{"start":{"line":49,"column":4},"end":{"line":52,"column":5}},{"start":{},"end":{}}],"line":49},"5":{"loc":{"start":{"line":54,"column":4},"end":{"line":57,"column":5}},"type":"if","locations":[{"start":{"line":54,"column":4},"end":{"line":57,"column":5}},{"start":{},"end":{}}],"line":54},"6":{"loc":{"start":{"line":87,"column":46},"end":{"line":87,"column":57}},"type":"default-arg","locations":[{"start":{"line":87,"column":55},"end":{"line":87,"column":57}}],"line":87},"7":{"loc":{"start":{"line":95,"column":86},"end":{"line":95,"column":97}},"type":"default-arg","locations":[{"start":{"line":95,"column":95},"end":{"line":95,"column":97}}],"line":95},"8":{"loc":{"start":{"line":100,"column":14},"end":{"line":100,"column":35}},"type":"binary-expr","locations":[{"start":{"line":100,"column":14},"end":{"line":100,"column":27}},{"start":{"line":100,"column":31},"end":{"line":100,"column":35}}],"line":100},"9":{"loc":{"start":{"line":100,"column":50},"end":{"line":100,"column":61}},"type":"binary-expr","locations":[{"start":{"line":100,"column":50},"end":{"line":100,"column":56}},{"start":{"line":100,"column":60},"end":{"line":100,"column":61}}],"line":100},"10":{"loc":{"start":{"line":105,"column":31},"end":{"line":105,"column":42}},"type":"default-arg","locations":[{"start":{"line":105,"column":40},"end":{"line":105,"column":42}}],"line":105},"11":{"loc":{"start":{"line":109,"column":37},"end":{"line":109,"column":48}},"type":"default-arg","locations":[{"start":{"line":109,"column":46},"end":{"line":109,"column":48}}],"line":109}},"s":{"0":1,"1":0,"2":0,"3":0,"4":0,"5":0,"6":0,"7":0,"8":0,"9":0,"10":0,"11":0,"12":0,"13":0,"14":0,"15":0,"16":0,"17":0,"18":0,"19":0,"20":0,"21":0,"22":0,"23":0,"24":0,"25":0,"26":0,"27":0,"28":0,"29":0,"30":0,"31":0,"32":0,"33":0,"34":0,"35":0,"36":0,"37":0,"38":0,"39":0,"40":0,"41":0,"42":0,"43":1},"f":{"0":0,"1":0,"2":0,"3":0,"4":0,"5":0,"6":0,"7":0,"8":0,"9":0},"b":{"0":[0,0],"1":[0,0],"2":[0,0],"3":[0,0],"4":[0,0],"5":[0,0],"6":[0],"7":[0],"8":[0,0],"9":[0,0],"10":[0],"11":[0]},"_coverageSchema":"1a1c01bbd47fc00a2c39e90264f33305004495a9","hash":"8478816b6f1d5aa9899ff863c434c05bfd852c76"}
,"C:\\Users\\91883\\OneDrive\\Desktop\\coding\\employee_system\\backend\\src\\repositories\\leaveRepository.js": {"path":"C:\\Users\\91883\\OneDrive\\Desktop\\coding\\employee_system\\backend\\src\\repositories\\leaveRepository.js","statementMap":{"0":{"start":{"line":1,"column":11},"end":{"line":1,"column":34}},"1":{"start":{"line":5,"column":16},"end":{"line":12,"column":5}},"2":{"start":{"line":13,"column":19},"end":{"line":13,"column":21}},"3":{"start":{"line":16,"column":4},"end":{"line":28,"column":5}},"4":{"start":{"line":17,"column":6},"end":{"line":17,"column":26}},"5":{"start":{"line":18,"column":6},"end":{"line":18,"column":57}},"6":{"start":{"line":19,"column":11},"end":{"line":28,"column":5}},"7":{"start":{"line":21,"column":6},"end":{"line":27,"column":7}},"8":{"start":{"line":22,"column":8},"end":{"line":22,"column":37}},"9":{"start":{"line":23,"column":8},"end":{"line":23,"column":55}},"10":{"start":{"line":25,"column":8},"end":{"line":25,"column":44}},"11":{"start":{"line":26,"column":8},"end":{"line":26,"column":59}},"12":{"start":{"line":30,"column":4},"end":{"line":33,"column":5}},"13":{"start":{"line":31,"column":6},"end":{"line":31,"column":26}},"14":{"start":{"line":32,"column":6},"end":{"line":32,"column":52}},"15":{"start":{"line":35,"column":4},"end":{"line":38,"column":5}},"16":{"start":{"line":36,"column":6},"end":{"line":36,"column":29}},"17":{"start":{"line":37,"column":6},"end":{"line":37,"column":56}},"18":{"start":{"line":40,"column":4},"end":{"line":43,"column":5}},"19":{"start":{"line":41,"column":6},"end":{"line":41,"column":27}},"20":{"start":{"line":42,"column":6},"end":{"line":42,"column":54}},"21":{"start":{"line":45,"column":4},"end":{"line":45,"column":36}},"22":{"start":{"line":47,"column":19},"end":{"line":47,"column":48}},"23":{"start":{"line":48,"column":4},"end":{"line":48,"column":23}},"24":{"start":{"line":52,"column":19},"end":{"line":52,"column":78}},"25":{"start":{"line":53,"column":4},"end":{"line":53,"column":23}},"26":{"start":{"line":57,"column":18},"end":{"line":63,"column":5}},"27":{"start":{"line":64,"column":19},"end":{"line":64,"column":40}},"28":{"start":{"line":65,"column":4},"end":{"line":65,"column":23}},"29":{"start":{"line":69,"column":19},"end":{"line":76,"column":5}},"30":{"start":{"line":77,"column":4},"end":{"line":77,"column":26}},"31":{"start":{"line":81,"column":19},"end":{"line":84,"column":5}},"32":{"start":{"line":85,"column":4},"end":{"line":85,"column":65}},"33":{"start":{"line":89,"column":4},"end":{"line":92,"column":6}},"34":{"start":{"line":96,"column":19},"end":{"line":100,"column":5}},"35":{"start":{"line":101,"column":4},"end":{"line":101,"column":26}},"36":{"start":{"line":105,"column":19},"end":{"line":105,"column":104}},"37":{"start":{"line":106,"column":4},"end":{"line":106,"column":64}},"38":{"start":{"line":110,"column":19},"end":{"line":113,"column":5}},"39":{"start":{"line":114,"column":4},"end":{"line":114,"column":26}},"40":{"start":{"line":118,"column":19},"end":{"line":122,"column":5}},"41":{"start":{"line":123,"column":4},"end":{"line":123,"column":26}},"42":{"start":{"line":127,"column":0},"end":{"line":127,"column":39}}},"fnMap":{"0":{"name":"(anonymous_0)","decl":{"start":{"line":4,"column":2},"end":{"line":4,"column":3}},"loc":{"start":{"line":4,"column":76},"end":{"line":49,"column":3}},"line":4},"1":{"name":"(anonymous_1)","decl":{"start":{"line":51,"column":2},"end":{"line":51,"column":3}},"loc":{"start":{"line":51,"column":20},"end":{"line":54,"column":3}},"line":51},"2":{"name":"(anonymous_2)","decl":{"start":{"line":56,"column":2},"end":{"line":56,"column":3}},"loc":{"start":{"line":56,"column":23},"end":{"line":66,"column":3}},"line":56},"3":{"name":"(anonymous_3)","decl":{"start":{"line":68,"column":2},"end":{"line":68,"column":3}},"loc":{"start":{"line":68,"column":34},"end":{"line":78,"column":3}},"line":68},"4":{"name":"(anonymous_4)","decl":{"start":{"line":80,"column":2},"end":{"line":80,"column":3}},"loc":{"start":{"line":80,"column":69},"end":{"line":86,"column":3}},"line":80},"5":{"name":"(anonymous_5)","decl":{"start":{"line":88,"column":2},"end":{"line":88,"column":3}},"loc":{"start":{"line":88,"column":72},"end":{"line":93,"column":3}},"line":88},"6":{"name":"(anonymous_6)","decl":{"start":{"line":95,"column":2},"end":{"line":95,"column":3}},"loc":{"start":{"line":95,"column":105},"end":{"line":102,"column":3}},"line":95},"7":{"name":"(anonymous_7)","decl":{"start":{"line":104,"column":2},"end":{"line":104,"column":3}},"loc":{"start":{"line":104,"column":51},"end":{"line":107,"column":3}},"line":104},"8":{"name":"(anonymous_8)","decl":{"start":{"line":109,"column":2},"end":{"line":109,"column":3}},"loc":{"start":{"line":109,"column":46},"end":{"line":115,"column":3}},"line":109},"9":{"name":"(anonymous_9)","decl":{"start":{"line":117,"column":2},"end":{"line":117,"column":3}},"loc":{"start":{"line":117,"column":82},"end":{"line":124,"column":3}},"line":117}},"branchMap":{"0":{"loc":{"start":{"line":16,"column":4},"end":{"line":28,"column":5}},"type":"if","locations":[{"start":{"line":16,"column":4},"end":{"line":28,"column":5}},{"start":{"line":19,"column":11},"end":{"line":28,"column":5}}],"line":16},"1":{"loc":{"start":{"line":19,"column":11},"end":{"line":28,"column":5}},"type":"if","locations":[{"start":{"line":19,"column":11},"end":{"line":28,"column":5}},{"start":{},"end":{}}],"line":19},"2":{"loc":{"start":{"line":21,"column":6},"end":{"line":27,"column":7}},"type":"if","locations":[{"start":{"line":21,"column":6},"end":{"line":27,"column":7}},{"start":{"line":24,"column":13},"end":{"line":27,"column":7}}],"line":21},"3":{"loc":{"start":{"line":30,"column":4},"end":{"line":33,"column":5}},"type":"if","locations":[{"start":{"line":30,"column":4},"end":{"line":33,"column":5}},{"start":{},"end":{}}],"line":30},"4":{"loc":{"start":{"line":35,"column":4},"end":{"line":38,"column":5}},"type":"if","locations":[{"start":{"line":35,"column":4},"end":{"line":38,"column":5}},{"start":{},"end":{}}],"line":35},"5":{"loc":{"start":{"line":40,"column":4},"end":{"line":43,"column":5}},"type":"if","locations":[{"start":{"line":40,"column":4},"end":{"line":43,"column":5}},{"start":{},"end":{}}],"line":40},"6":{"loc":{"start":{"line":68,"column":21},"end":{"line":68,"column":32}},"type":"default-arg","locations":[{"start":{"line":68,"column":30},"end":{"line":68,"column":32}}],"line":68},"7":{"loc":{"start":{"line":80,"column":56},"end":{"line":80,"column":67}},"type":"default-arg","locations":[{"start":{"line":80,"column":65},"end":{"line":80,"column":67}}],"line":80},"8":{"loc":{"start":{"line":85,"column":11},"end":{"line":85,"column":64}},"type":"cond-expr","locations":[{"start":{"line":85,"column":28},"end":{"line":85,"column":57}},{"start":{"line":85,"column":60},"end":{"line":85,"column":64}}],"line":85},"9":{"loc":{"start":{"line":88,"column":59},"end":{"line":88,"column":70}},"type":"default-arg","locations":[{"start":{"line":88,"column":68},"end":{"line":88,"column":70}}],"line":88},"10":{"loc":{"start":{"line":95,"column":92},"end":{"line":95,"column":103}},"type":"default-arg","locations":[{"start":{"line":95,"column":101},"end":{"line":95,"column":103}}],"line":95},"11":{"loc":{"start":{"line":104,"column":38},"end":{"line":104,"column":49}},"type":"default-arg","locations":[{"start":{"line":104,"column":47},"end":{"line":104,"column":49}}],"line":104},"12":{"loc":{"start":{"line":106,"column":11},"end":{"line":106,"column":63}},"type":"cond-expr","locations":[{"start":{"line":106,"column":28},"end":{"line":106,"column":53}},{"start":{"line":106,"column":56},"end":{"line":106,"column":63}}],"line":106},"13":{"loc":{"start":{"line":109,"column":33},"end":{"line":109,"column":44}},"type":"default-arg","locations":[{"start":{"line":109,"column":42},"end":{"line":109,"column":44}}],"line":109},"14":{"loc":{"start":{"line":117,"column":69},"end":{"line":117,"column":80}},"type":"default-arg","locations":[{"start":{"line":117,"column":78},"end":{"line":117,"column":80}}],"line":117},"15":{"loc":{"start":{"line":121,"column":36},"end":{"line":121,"column":49}},"type":"binary-expr","locations":[{"start":{"line":121,"column":36},"end":{"line":121,"column":43}},{"start":{"line":121,"column":47},"end":{"line":121,"column":49}}],"line":121}},"s":{"0":1,"1":0,"2":0,"3":0,"4":0,"5":0,"6":0,"7":0,"8":0,"9":0,"10":0,"11":0,"12":0,"13":0,"14":0,"15":0,"16":0,"17":0,"18":0,"19":0,"20":0,"21":0,"22":0,"23":0,"24":0,"25":0,"26":0,"27":0,"28":0,"29":0,"30":0,"31":0,"32":0,"33":0,"34":0,"35":0,"36":0,"37":0,"38":0,"39":0,"40":0,"41":0,"42":1},"f":{"0":0,"1":0,"2":0,"3":0,"4":0,"5":0,"6":0,"7":0,"8":0,"9":0},"b":{"0":[0,0],"1":[0,0],"2":[0,0],"3":[0,0],"4":[0,0],"5":[0,0],"6":[0],"7":[0],"8":[0,0],"9":[0],"10":[0],"11":[0],"12":[0,0],"13":[0],"14":[0],"15":[0,0]},"_coverageSchema":"1a1c01bbd47fc00a2c39e90264f33305004495a9","hash":"b8fd1a84448998d488a3fed73de1af49a7fdbf82"}
,"C:\\Users\\91883\\OneDrive\\Desktop\\coding\\employee_system\\backend\\src\\services\\assetService.js": {"path":"C:\\Users\\91883\\OneDrive\\Desktop\\coding\\employee_system\\backend\\src\\services\\assetService.js","statementMap":{"0":{"start":{"line":1,"column":17},"end":{"line":1,"column":40}},"1":{"start":{"line":2,"column":24},"end":{"line":2,"column":66}},"2":{"start":{"line":3,"column":43},"end":{"line":3,"column":69}},"3":{"start":{"line":4,"column":22},"end":{"line":4,"column":47}},"4":{"start":{"line":5,"column":15},"end":{"line":5,"column":41}},"5":{"start":{"line":9,"column":18},"end":{"line":9,"column":83}},"6":{"start":{"line":10,"column":19},"end":{"line":10,"column":86}},"7":{"start":{"line":11,"column":4},"end":{"line":18,"column":7}},"8":{"start":{"line":22,"column":18},"end":{"line":22,"column":52}},"9":{"start":{"line":23,"column":4},"end":{"line":25,"column":5}},"10":{"start":{"line":24,"column":6},"end":{"line":24,"column":49}},"11":{"start":{"line":26,"column":4},"end":{"line":26,"column":17}},"12":{"start":{"line":30,"column":19},"end":{"line":30,"column":39}},"13":{"start":{"line":31,"column":4},"end":{"line":54,"column":5}},"14":{"start":{"line":32,"column":6},"end":{"line":32,"column":34}},"15":{"start":{"line":33,"column":20},"end":{"line":33,"column":67}},"16":{"start":{"line":36,"column":6},"end":{"line":40,"column":8}},"17":{"start":{"line":43,"column":6},"end":{"line":43,"column":116}},"18":{"start":{"line":45,"column":6},"end":{"line":45,"column":35}},"19":{"start":{"line":46,"column":6},"end":{"line":46,"column":95}},"20":{"start":{"line":47,"column":6},"end":{"line":47,"column":19}},"21":{"start":{"line":49,"column":6},"end":{"line":49,"column":37}},"22":{"start":{"line":50,"column":6},"end":{"line":50,"column":61}},"23":{"start":{"line":51,"column":6},"end":{"line":51,"column":18}},"24":{"start":{"line":53,"column":6},"end":{"line":53,"column":23}},"25":{"start":{"line":58,"column":19},"end":{"line":58,"column":39}},"26":{"start":{"line":59,"column":21},"end":{"line":59,"column":25}},"27":{"start":{"line":60,"column":19},"end":{"line":60,"column":23}},"28":{"start":{"line":61,"column":16},"end":{"line":61,"column":20}},"29":{"start":{"line":62,"column":4},"end":{"line":110,"column":5}},"30":{"start":{"line":63,"column":6},"end":{"line":63,"column":34}},"31":{"start":{"line":65,"column":6},"end":{"line":65,"column":62}},"32":{"start":{"line":66,"column":6},"end":{"line":68,"column":7}},"33":{"start":{"line":67,"column":8},"end":{"line":67,"column":51}},"34":{"start":{"line":69,"column":6},"end":{"line":71,"column":7}},"35":{"start":{"line":70,"column":8},"end":{"line":70,"column":75}},"36":{"start":{"line":74,"column":22},"end":{"line":74,"column":101}},"37":{"start":{"line":75,"column":6},"end":{"line":77,"column":7}},"38":{"start":{"line":76,"column":8},"end":{"line":76,"column":54}},"39":{"start":{"line":78,"column":6},"end":{"line":78,"column":33}},"40":{"start":{"line":81,"column":6},"end":{"line":81,"column":95}},"41":{"start":{"line":84,"column":6},"end":{"line":84,"column":71}},"42":{"start":{"line":87,"column":6},"end":{"line":87,"column":145}},"43":{"start":{"line":90,"column":6},"end":{"line":93,"column":8}},"44":{"start":{"line":96,"column":6},"end":{"line":100,"column":8}},"45":{"start":{"line":102,"column":6},"end":{"line":102,"column":35}},"46":{"start":{"line":103,"column":6},"end":{"line":103,"column":109}},"47":{"start":{"line":105,"column":6},"end":{"line":105,"column":37}},"48":{"start":{"line":106,"column":6},"end":{"line":106,"column":75}},"49":{"start":{"line":107,"column":6},"end":{"line":107,"column":18}},"50":{"start":{"line":109,"column":6},"end":{"line":109,"column":23}},"51":{"start":{"line":113,"column":4},"end":{"line":119,"column":5}},"52":{"start":{"line":114,"column":6},"end":{"line":118,"column":9}},"53":{"start":{"line":121,"column":4},"end":{"line":121,"column":22}},"54":{"start":{"line":125,"column":19},"end":{"line":125,"column":39}},"55":{"start":{"line":126,"column":21},"end":{"line":126,"column":25}},"56":{"start":{"line":127,"column":4},"end":{"line":164,"column":5}},"57":{"start":{"line":128,"column":6},"end":{"line":128,"column":34}},"58":{"start":{"line":130,"column":6},"end":{"line":133,"column":8}},"59":{"start":{"line":134,"column":6},"end":{"line":136,"column":7}},"60":{"start":{"line":135,"column":8},"end":{"line":135,"column":70}},"61":{"start":{"line":137,"column":31},"end":{"line":137,"column":49}},"62":{"start":{"line":140,"column":32},"end":{"line":140,"column":91}},"63":{"start":{"line":143,"column":6},"end":{"line":143,"column":71}},"64":{"start":{"line":146,"column":6},"end":{"line":146,"column":115}},"65":{"start":{"line":149,"column":6},"end":{"line":153,"column":8}},"66":{"start":{"line":155,"column":6},"end":{"line":155,"column":35}},"67":{"start":{"line":156,"column":6},"end":{"line":156,"column":92}},"68":{"start":{"line":157,"column":6},"end":{"line":157,"column":31}},"69":{"start":{"line":159,"column":6},"end":{"line":159,"column":37}},"70":{"start":{"line":160,"column":6},"end":{"line":160,"column":73}},"71":{"start":{"line":161,"column":6},"end":{"line":161,"column":18}},"72":{"start":{"line":163,"column":6},"end":{"line":163,"column":23}},"73":{"start":{"line":168,"column":4},"end":{"line":168,"column":53}},"74":{"start":{"line":172,"column":0},"end":{"line":172,"column":36}}},"fnMap":{"0":{"name":"(anonymous_0)","decl":{"start":{"line":8,"column":2},"end":{"line":8,"column":3}},"loc":{"start":{"line":8,"column":28},"end":{"line":19,"column":3}},"line":8},"1":{"name":"(anonymous_1)","decl":{"start":{"line":21,"column":2},"end":{"line":21,"column":3}},"loc":{"start":{"line":21,"column":25},"end":{"line":27,"column":3}},"line":21},"2":{"name":"(anonymous_2)","decl":{"start":{"line":29,"column":2},"end":{"line":29,"column":3}},"loc":{"start":{"line":29,"column":44},"end":{"line":55,"column":3}},"line":29},"3":{"name":"(anonymous_3)","decl":{"start":{"line":57,"column":2},"end":{"line":57,"column":3}},"loc":{"start":{"line":57,"column":56},"end":{"line":122,"column":3}},"line":57},"4":{"name":"(anonymous_4)","decl":{"start":{"line":124,"column":2},"end":{"line":124,"column":3}},"loc":{"start":{"line":124,"column":42},"end":{"line":165,"column":3}},"line":124},"5":{"name":"(anonymous_5)","decl":{"start":{"line":167,"column":2},"end":{"line":167,"column":3}},"loc":{"start":{"line":167,"column":33},"end":{"line":169,"column":3}},"line":167}},"branchMap":{"0":{"loc":{"start":{"line":9,"column":18},"end":{"line":9,"column":83}},"type":"cond-expr","locations":[{"start":{"line":9,"column":46},"end":{"line":9,"column":71}},{"start":{"line":9,"column":74},"end":{"line":9,"column":83}}],"line":9},"1":{"loc":{"start":{"line":10,"column":19},"end":{"line":10,"column":86}},"type":"cond-expr","locations":[{"start":{"line":10,"column":48},"end":{"line":10,"column":74}},{"start":{"line":10,"column":77},"end":{"line":10,"column":86}}],"line":10},"2":{"loc":{"start":{"line":23,"column":4},"end":{"line":25,"column":5}},"type":"if","locations":[{"start":{"line":23,"column":4},"end":{"line":25,"column":5}},{"start":{},"end":{}}],"line":23},"3":{"loc":{"start":{"line":66,"column":6},"end":{"line":68,"column":7}},"type":"if","locations":[{"start":{"line":66,"column":6},"end":{"line":68,"column":7}},{"start":{},"end":{}}],"line":66},"4":{"loc":{"start":{"line":69,"column":6},"end":{"line":71,"column":7}},"type":"if","locations":[{"start":{"line":69,"column":6},"end":{"line":71,"column":7}},{"start":{},"end":{}}],"line":69},"5":{"loc":{"start":{"line":75,"column":6},"end":{"line":77,"column":7}},"type":"if","locations":[{"start":{"line":75,"column":6},"end":{"line":77,"column":7}},{"start":{},"end":{}}],"line":75},"6":{"loc":{"start":{"line":113,"column":4},"end":{"line":119,"column":5}},"type":"if","locations":[{"start":{"line":113,"column":4},"end":{"line":119,"column":5}},{"start":{},"end":{}}],"line":113},"7":{"loc":{"start":{"line":113,"column":8},"end":{"line":113,"column":43}},"type":"binary-expr","locations":[{"start":{"line":113,"column":8},"end":{"line":113,"column":16}},{"start":{"line":113,"column":20},"end":{"line":113,"column":34}},{"start":{"line":113,"column":38},"end":{"line":113,"column":43}}],"line":113},"8":{"loc":{"start":{"line":134,"column":6},"end":{"line":136,"column":7}},"type":"if","locations":[{"start":{"line":134,"column":6},"end":{"line":136,"column":7}},{"start":{},"end":{}}],"line":134}},"s":{"0":1,"1":1,"2":1,"3":1,"4":1,"5":1,"6":1,"7":1,"8":2,"9":2,"10":1,"11":1,"12":1,"13":1,"14":1,"15":1,"16":1,"17":1,"18":1,"19":1,"20":1,"21":0,"22":0,"23":0,"24":1,"25":3,"26":3,"27":3,"28":3,"29":3,"30":3,"31":3,"32":3,"33":1,"34":2,"35":1,"36":1,"37":1,"38":0,"39":1,"40":1,"41":1,"42":1,"43":1,"44":1,"45":1,"46":1,"47":2,"48":2,"49":2,"50":3,"51":1,"52":1,"53":1,"54":2,"55":2,"56":2,"57":2,"58":2,"59":2,"60":1,"61":1,"62":1,"63":1,"64":1,"65":1,"66":1,"67":1,"68":1,"69":1,"70":1,"71":1,"72":2,"73":0,"74":1},"f":{"0":1,"1":2,"2":1,"3":3,"4":2,"5":0},"b":{"0":[1,0],"1":[1,0],"2":[1,1],"3":[1,2],"4":[1,1],"5":[0,1],"6":[1,0],"7":[1,1,1],"8":[1,1]},"_coverageSchema":"1a1c01bbd47fc00a2c39e90264f33305004495a9","hash":"6f85a10836619fd9ba9b3c2732e0939025f43202"}
,"C:\\Users\\91883\\OneDrive\\Desktop\\coding\\employee_system\\backend\\src\\services\\authService.js": {"path":"C:\\Users\\91883\\OneDrive\\Desktop\\coding\\employee_system\\backend\\src\\services\\authService.js","statementMap":{"0":{"start":{"line":1,"column":15},"end":{"line":1,"column":34}},"1":{"start":{"line":2,"column":12},"end":{"line":2,"column":35}},"2":{"start":{"line":3,"column":23},"end":{"line":3,"column":64}},"3":{"start":{"line":4,"column":47},"end":{"line":4,"column":73}},"4":{"start":{"line":5,"column":15},"end":{"line":5,"column":41}},"5":{"start":{"line":7,"column":19},"end":{"line":7,"column":80}},"6":{"start":{"line":11,"column":25},"end":{"line":11,"column":64}},"7":{"start":{"line":12,"column":4},"end":{"line":14,"column":5}},"8":{"start":{"line":13,"column":6},"end":{"line":13,"column":55}},"9":{"start":{"line":16,"column":25},"end":{"line":16,"column":43}},"10":{"start":{"line":19,"column":27},"end":{"line":19,"column":58}},"11":{"start":{"line":22,"column":17},"end":{"line":22,"column":91}},"12":{"start":{"line":23,"column":4},"end":{"line":23,"column":61}},"13":{"start":{"line":25,"column":18},"end":{"line":25,"column":112}},"14":{"start":{"line":27,"column":4},"end":{"line":27,"column":53}},"15":{"start":{"line":31,"column":17},"end":{"line":31,"column":56}},"16":{"start":{"line":32,"column":4},"end":{"line":35,"column":5}},"17":{"start":{"line":33,"column":6},"end":{"line":33,"column":79}},"18":{"start":{"line":34,"column":6},"end":{"line":34,"column":55}},"19":{"start":{"line":37,"column":4},"end":{"line":40,"column":5}},"20":{"start":{"line":38,"column":6},"end":{"line":38,"column":108}},"21":{"start":{"line":39,"column":6},"end":{"line":39,"column":88}},"22":{"start":{"line":43,"column":18},"end":{"line":43,"column":23}},"23":{"start":{"line":44,"column":4},"end":{"line":48,"column":5}},"24":{"start":{"line":45,"column":6},"end":{"line":45,"column":21}},"25":{"start":{"line":47,"column":6},"end":{"line":47,"column":81}},"26":{"start":{"line":47,"column":74},"end":{"line":47,"column":79}},"27":{"start":{"line":50,"column":4},"end":{"line":53,"column":5}},"28":{"start":{"line":51,"column":6},"end":{"line":51,"column":76}},"29":{"start":{"line":52,"column":6},"end":{"line":52,"column":55}},"30":{"start":{"line":55,"column":18},"end":{"line":55,"column":112}},"31":{"start":{"line":57,"column":4},"end":{"line":66,"column":6}},"32":{"start":{"line":70,"column":0},"end":{"line":70,"column":35}}},"fnMap":{"0":{"name":"(anonymous_0)","decl":{"start":{"line":10,"column":2},"end":{"line":10,"column":3}},"loc":{"start":{"line":10,"column":61},"end":{"line":28,"column":3}},"line":10},"1":{"name":"(anonymous_1)","decl":{"start":{"line":30,"column":2},"end":{"line":30,"column":3}},"loc":{"start":{"line":30,"column":41},"end":{"line":67,"column":3}},"line":30},"2":{"name":"(anonymous_2)","decl":{"start":{"line":47,"column":68},"end":{"line":47,"column":69}},"loc":{"start":{"line":47,"column":74},"end":{"line":47,"column":79}},"line":47}},"branchMap":{"0":{"loc":{"start":{"line":7,"column":19},"end":{"line":7,"column":80}},"type":"binary-expr","locations":[{"start":{"line":7,"column":19},"end":{"line":7,"column":41}},{"start":{"line":7,"column":45},"end":{"line":7,"column":80}}],"line":7},"1":{"loc":{"start":{"line":12,"column":4},"end":{"line":14,"column":5}},"type":"if","locations":[{"start":{"line":12,"column":4},"end":{"line":14,"column":5}},{"start":{},"end":{}}],"line":12},"2":{"loc":{"start":{"line":16,"column":25},"end":{"line":16,"column":43}},"type":"binary-expr","locations":[{"start":{"line":16,"column":25},"end":{"line":16,"column":29}},{"start":{"line":16,"column":33},"end":{"line":16,"column":43}}],"line":16},"3":{"loc":{"start":{"line":32,"column":4},"end":{"line":35,"column":5}},"type":"if","locations":[{"start":{"line":32,"column":4},"end":{"line":35,"column":5}},{"start":{},"end":{}}],"line":32},"4":{"loc":{"start":{"line":37,"column":4},"end":{"line":40,"column":5}},"type":"if","locations":[{"start":{"line":37,"column":4},"end":{"line":40,"column":5}},{"start":{},"end":{}}],"line":37},"5":{"loc":{"start":{"line":44,"column":4},"end":{"line":48,"column":5}},"type":"if","locations":[{"start":{"line":44,"column":4},"end":{"line":48,"column":5}},{"start":{"line":46,"column":11},"end":{"line":48,"column":5}}],"line":44},"6":{"loc":{"start":{"line":50,"column":4},"end":{"line":53,"column":5}},"type":"if","locations":[{"start":{"line":50,"column":4},"end":{"line":53,"column":5}},{"start":{},"end":{}}],"line":50}},"s":{"0":1,"1":1,"2":1,"3":1,"4":1,"5":1,"6":2,"7":2,"8":1,"9":1,"10":1,"11":1,"12":1,"13":1,"14":1,"15":5,"16":5,"17":1,"18":1,"19":4,"20":1,"21":1,"22":3,"23":3,"24":1,"25":2,"26":0,"27":3,"28":1,"29":1,"30":2,"31":2,"32":1},"f":{"0":2,"1":5,"2":0},"b":{"0":[1,1],"1":[1,1],"2":[1,0],"3":[1,4],"4":[1,3],"5":[1,2],"6":[1,2]},"_coverageSchema":"1a1c01bbd47fc00a2c39e90264f33305004495a9","hash":"28542db04dd23b2e142f9d1d81a24b235b3e71dd"}
,"C:\\Users\\91883\\OneDrive\\Desktop\\coding\\employee_system\\backend\\src\\services\\employeeService.js": {"path":"C:\\Users\\91883\\OneDrive\\Desktop\\coding\\employee_system\\backend\\src\\services\\employeeService.js","statementMap":{"0":{"start":{"line":1,"column":17},"end":{"line":1,"column":40}},"1":{"start":{"line":2,"column":27},"end":{"line":2,"column":72}},"2":{"start":{"line":3,"column":43},"end":{"line":3,"column":69}},"3":{"start":{"line":4,"column":15},"end":{"line":4,"column":41}},"4":{"start":{"line":8,"column":17},"end":{"line":8,"column":86}},"5":{"start":{"line":9,"column":18},"end":{"line":9,"column":75}},"6":{"start":{"line":10,"column":4},"end":{"line":10,"column":27}},"7":{"start":{"line":14,"column":21},"end":{"line":14,"column":58}},"8":{"start":{"line":15,"column":4},"end":{"line":17,"column":5}},"9":{"start":{"line":16,"column":6},"end":{"line":16,"column":52}},"10":{"start":{"line":19,"column":4},"end":{"line":24,"column":5}},"11":{"start":{"line":20,"column":21},"end":{"line":20,"column":88}},"12":{"start":{"line":21,"column":6},"end":{"line":21,"column":46}},"13":{"start":{"line":21,"column":40},"end":{"line":21,"column":44}},"14":{"start":{"line":23,"column":6},"end":{"line":23,"column":27}},"15":{"start":{"line":26,"column":4},"end":{"line":26,"column":20}},"16":{"start":{"line":30,"column":55},"end":{"line":30,"column":67}},"17":{"start":{"line":31,"column":19},"end":{"line":31,"column":38}},"18":{"start":{"line":32,"column":28},"end":{"line":32,"column":36}},"19":{"start":{"line":33,"column":27},"end":{"line":33,"column":65}},"20":{"start":{"line":35,"column":19},"end":{"line":35,"column":39}},"21":{"start":{"line":36,"column":4},"end":{"line":131,"column":5}},"22":{"start":{"line":37,"column":6},"end":{"line":37,"column":34}},"23":{"start":{"line":40,"column":24},"end":{"line":40,"column":91}},"24":{"start":{"line":41,"column":6},"end":{"line":43,"column":7}},"25":{"start":{"line":42,"column":8},"end":{"line":42,"column":57}},"26":{"start":{"line":46,"column":22},"end":{"line":50,"column":7}},"27":{"start":{"line":51,"column":21},"end":{"line":51,"column":39}},"28":{"start":{"line":54,"column":25},"end":{"line":54,"column":29}},"29":{"start":{"line":55,"column":6},"end":{"line":69,"column":7}},"30":{"start":{"line":56,"column":24},"end":{"line":59,"column":9}},"31":{"start":{"line":60,"column":8},"end":{"line":68,"column":9}},"32":{"start":{"line":61,"column":10},"end":{"line":61,"column":44}},"33":{"start":{"line":63,"column":29},"end":{"line":66,"column":11}},"34":{"start":{"line":67,"column":10},"end":{"line":67,"column":47}},"35":{"start":{"line":72,"column":25},"end":{"line":76,"column":7}},"36":{"start":{"line":77,"column":24},"end":{"line":77,"column":45}},"37":{"start":{"line":80,"column":6},"end":{"line":105,"column":7}},"38":{"start":{"line":81,"column":27},"end":{"line":84,"column":26}},"39":{"start":{"line":83,"column":22},"end":{"line":83,"column":30}},"40":{"start":{"line":85,"column":8},"end":{"line":104,"column":9}},"41":{"start":{"line":86,"column":25},"end":{"line":89,"column":11}},"42":{"start":{"line":91,"column":10},"end":{"line":99,"column":11}},"43":{"start":{"line":92,"column":12},"end":{"line":92,"column":42}},"44":{"start":{"line":94,"column":32},"end":{"line":97,"column":13}},"45":{"start":{"line":98,"column":12},"end":{"line":98,"column":45}},"46":{"start":{"line":100,"column":10},"end":{"line":103,"column":12}},"47":{"start":{"line":108,"column":34},"end":{"line":108,"column":62}},"48":{"start":{"line":109,"column":6},"end":{"line":112,"column":8}},"49":{"start":{"line":115,"column":27},"end":{"line":115,"column":79}},"50":{"start":{"line":116,"column":6},"end":{"line":120,"column":8}},"51":{"start":{"line":122,"column":6},"end":{"line":122,"column":35}},"52":{"start":{"line":123,"column":6},"end":{"line":123,"column":104}},"53":{"start":{"line":124,"column":6},"end":{"line":124,"column":29}},"54":{"start":{"line":126,"column":6},"end":{"line":126,"column":37}},"55":{"start":{"line":127,"column":6},"end":{"line":127,"column":76}},"56":{"start":{"line":128,"column":6},"end":{"line":128,"column":18}},"57":{"start":{"line":130,"column":6},"end":{"line":130,"column":23}},"58":{"start":{"line":135,"column":94},"end":{"line":135,"column":106}},"59":{"start":{"line":137,"column":19},"end":{"line":137,"column":39}},"60":{"start":{"line":138,"column":4},"end":{"line":183,"column":5}},"61":{"start":{"line":139,"column":6},"end":{"line":139,"column":34}},"62":{"start":{"line":141,"column":31},"end":{"line":141,"column":68}},"63":{"start":{"line":142,"column":6},"end":{"line":144,"column":7}},"64":{"start":{"line":143,"column":8},"end":{"line":143,"column":54}},"65":{"start":{"line":147,"column":6},"end":{"line":147,"column":77}},"66":{"start":{"line":150,"column":22},"end":{"line":150,"column":128}},"67":{"start":{"line":151,"column":24},"end":{"line":151,"column":34}},"68":{"start":{"line":154,"column":6},"end":{"line":154,"column":62}},"69":{"start":{"line":155,"column":6},"end":{"line":157,"column":7}},"70":{"start":{"line":156,"column":8},"end":{"line":156,"column":70}},"71":{"start":{"line":160,"column":34},"end":{"line":160,"column":63}},"72":{"start":{"line":161,"column":6},"end":{"line":164,"column":8}},"73":{"start":{"line":167,"column":27},"end":{"line":167,"column":83}},"74":{"start":{"line":168,"column":6},"end":{"line":172,"column":8}},"75":{"start":{"line":174,"column":6},"end":{"line":174,"column":35}},"76":{"start":{"line":175,"column":6},"end":{"line":175,"column":106}},"77":{"start":{"line":176,"column":6},"end":{"line":176,"column":49}},"78":{"start":{"line":178,"column":6},"end":{"line":178,"column":37}},"79":{"start":{"line":179,"column":6},"end":{"line":179,"column":76}},"80":{"start":{"line":180,"column":6},"end":{"line":180,"column":18}},"81":{"start":{"line":182,"column":6},"end":{"line":182,"column":23}},"82":{"start":{"line":187,"column":21},"end":{"line":187,"column":58}},"83":{"start":{"line":188,"column":4},"end":{"line":190,"column":5}},"84":{"start":{"line":189,"column":6},"end":{"line":189,"column":52}},"85":{"start":{"line":192,"column":20},"end":{"line":192,"column":59}},"86":{"start":{"line":194,"column":4},"end":{"line":198,"column":6}},"87":{"start":{"line":200,"column":4},"end":{"line":200,"column":96}},"88":{"start":{"line":201,"column":4},"end":{"line":201,"column":34}},"89":{"start":{"line":205,"column":0},"end":{"line":205,"column":39}}},"fnMap":{"0":{"name":"(anonymous_0)","decl":{"start":{"line":7,"column":2},"end":{"line":7,"column":3}},"loc":{"start":{"line":7,"column":61},"end":{"line":11,"column":3}},"line":7},"1":{"name":"(anonymous_1)","decl":{"start":{"line":13,"column":2},"end":{"line":13,"column":3}},"loc":{"start":{"line":13,"column":28},"end":{"line":27,"column":3}},"line":13},"2":{"name":"(anonymous_2)","decl":{"start":{"line":21,"column":35},"end":{"line":21,"column":36}},"loc":{"start":{"line":21,"column":40},"end":{"line":21,"column":44}},"line":21},"3":{"name":"(anonymous_3)","decl":{"start":{"line":29,"column":2},"end":{"line":29,"column":3}},"loc":{"start":{"line":29,"column":50},"end":{"line":132,"column":3}},"line":29},"4":{"name":"(anonymous_4)","decl":{"start":{"line":83,"column":15},"end":{"line":83,"column":16}},"loc":{"start":{"line":83,"column":22},"end":{"line":83,"column":30}},"line":83},"5":{"name":"(anonymous_5)","decl":{"start":{"line":134,"column":2},"end":{"line":134,"column":3}},"loc":{"start":{"line":134,"column":54},"end":{"line":184,"column":3}},"line":134},"6":{"name":"(anonymous_6)","decl":{"start":{"line":186,"column":2},"end":{"line":186,"column":3}},"loc":{"start":{"line":186,"column":40},"end":{"line":202,"column":3}},"line":186}},"branchMap":{"0":{"loc":{"start":{"line":15,"column":4},"end":{"line":17,"column":5}},"type":"if","locations":[{"start":{"line":15,"column":4},"end":{"line":17,"column":5}},{"start":{},"end":{}}],"line":15},"1":{"loc":{"start":{"line":19,"column":4},"end":{"line":24,"column":5}},"type":"if","locations":[{"start":{"line":19,"column":4},"end":{"line":24,"column":5}},{"start":{"line":22,"column":11},"end":{"line":24,"column":5}}],"line":19},"2":{"loc":{"start":{"line":41,"column":6},"end":{"line":43,"column":7}},"type":"if","locations":[{"start":{"line":41,"column":6},"end":{"line":43,"column":7}},{"start":{},"end":{}}],"line":41},"3":{"loc":{"start":{"line":55,"column":6},"end":{"line":69,"column":7}},"type":"if","locations":[{"start":{"line":55,"column":6},"end":{"line":69,"column":7}},{"start":{},"end":{}}],"line":55},"4":{"loc":{"start":{"line":55,"column":10},"end":{"line":55,"column":41}},"type":"binary-expr","locations":[{"start":{"line":55,"column":10},"end":{"line":55,"column":20}},{"start":{"line":55,"column":24},"end":{"line":55,"column":41}}],"line":55},"5":{"loc":{"start":{"line":60,"column":8},"end":{"line":68,"column":9}},"type":"if","locations":[{"start":{"line":60,"column":8},"end":{"line":68,"column":9}},{"start":{"line":62,"column":15},"end":{"line":68,"column":9}}],"line":60},"6":{"loc":{"start":{"line":75,"column":31},"end":{"line":75,"column":42}},"type":"binary-expr","locations":[{"start":{"line":75,"column":31},"end":{"line":75,"column":36}},{"start":{"line":75,"column":40},"end":{"line":75,"column":42}}],"line":75},"7":{"loc":{"start":{"line":80,"column":6},"end":{"line":105,"column":7}},"type":"if","locations":[{"start":{"line":80,"column":6},"end":{"line":105,"column":7}},{"start":{},"end":{}}],"line":80},"8":{"loc":{"start":{"line":80,"column":10},"end":{"line":80,"column":33}},"type":"binary-expr","locations":[{"start":{"line":80,"column":10},"end":{"line":80,"column":16}},{"start":{"line":80,"column":20},"end":{"line":80,"column":33}}],"line":80},"9":{"loc":{"start":{"line":91,"column":10},"end":{"line":99,"column":11}},"type":"if","locations":[{"start":{"line":91,"column":10},"end":{"line":99,"column":11}},{"start":{"line":93,"column":17},"end":{"line":99,"column":11}}],"line":91},"10":{"loc":{"start":{"line":142,"column":6},"end":{"line":144,"column":7}},"type":"if","locations":[{"start":{"line":142,"column":6},"end":{"line":144,"column":7}},{"start":{},"end":{}}],"line":142},"11":{"loc":{"start":{"line":155,"column":6},"end":{"line":157,"column":7}},"type":"if","locations":[{"start":{"line":155,"column":6},"end":{"line":157,"column":7}},{"start":{},"end":{}}],"line":155},"12":{"loc":{"start":{"line":155,"column":10},"end":{"line":155,"column":37}},"type":"binary-expr","locations":[{"start":{"line":155,"column":10},"end":{"line":155,"column":16}},{"start":{"line":155,"column":20},"end":{"line":155,"column":37}}],"line":155},"13":{"loc":{"start":{"line":188,"column":4},"end":{"line":190,"column":5}},"type":"if","locations":[{"start":{"line":188,"column":4},"end":{"line":190,"column":5}},{"start":{},"end":{}}],"line":188}},"s":{"0":1,"1":1,"2":1,"3":1,"4":1,"5":1,"6":1,"7":2,"8":2,"9":1,"10":1,"11":1,"12":1,"13":2,"14":0,"15":1,"16":3,"17":3,"18":3,"19":3,"20":3,"21":3,"22":3,"23":3,"24":2,"25":1,"26":1,"27":1,"28":1,"29":1,"30":1,"31":1,"32":1,"33":0,"34":0,"35":1,"36":1,"37":1,"38":1,"39":1,"40":1,"41":1,"42":1,"43":1,"44":0,"45":0,"46":1,"47":1,"48":1,"49":1,"50":1,"51":1,"52":1,"53":1,"54":2,"55":2,"56":2,"57":3,"58":2,"59":2,"60":2,"61":2,"62":2,"63":2,"64":0,"65":2,"66":1,"67":1,"68":1,"69":1,"70":1,"71":1,"72":1,"73":1,"74":1,"75":1,"76":1,"77":1,"78":1,"79":1,"80":1,"81":2,"82":2,"83":2,"84":1,"85":1,"86":1,"87":1,"88":1,"89":1},"f":{"0":1,"1":2,"2":2,"3":3,"4":1,"5":2,"6":2},"b":{"0":[1,1],"1":[1,0],"2":[1,1],"3":[1,0],"4":[1,1],"5":[1,0],"6":[1,0],"7":[1,0],"8":[1,1],"9":[1,0],"10":[0,2],"11":[1,0],"12":[1,1],"13":[1,1]},"_coverageSchema":"1a1c01bbd47fc00a2c39e90264f33305004495a9","hash":"ea342f8c20f1750ec95fc33eb79350ca209d0cd4"}
,"C:\\Users\\91883\\OneDrive\\Desktop\\coding\\employee_system\\backend\\src\\services\\leaveService.js": {"path":"C:\\Users\\91883\\OneDrive\\Desktop\\coding\\employee_system\\backend\\src\\services\\leaveService.js","statementMap":{"0":{"start":{"line":1,"column":17},"end":{"line":1,"column":40}},"1":{"start":{"line":2,"column":24},"end":{"line":2,"column":66}},"2":{"start":{"line":3,"column":43},"end":{"line":3,"column":69}},"3":{"start":{"line":4,"column":22},"end":{"line":4,"column":47}},"4":{"start":{"line":5,"column":15},"end":{"line":5,"column":41}},"5":{"start":{"line":9,"column":4},"end":{"line":9,"column":50}},"6":{"start":{"line":13,"column":4},"end":{"line":13,"column":45}},"7":{"start":{"line":17,"column":17},"end":{"line":17,"column":53}},"8":{"start":{"line":18,"column":21},"end":{"line":18,"column":23}},"9":{"start":{"line":19,"column":4},"end":{"line":27,"column":7}},"10":{"start":{"line":20,"column":6},"end":{"line":22,"column":7}},"11":{"start":{"line":21,"column":8},"end":{"line":21,"column":132}},"12":{"start":{"line":23,"column":6},"end":{"line":23,"column":90}},"13":{"start":{"line":23,"column":45},"end":{"line":23,"column":90}},"14":{"start":{"line":24,"column":6},"end":{"line":24,"column":86}},"15":{"start":{"line":24,"column":43},"end":{"line":24,"column":86}},"16":{"start":{"line":25,"column":6},"end":{"line":25,"column":90}},"17":{"start":{"line":25,"column":45},"end":{"line":25,"column":90}},"18":{"start":{"line":26,"column":6},"end":{"line":26,"column":96}},"19":{"start":{"line":26,"column":48},"end":{"line":26,"column":96}},"20":{"start":{"line":28,"column":4},"end":{"line":28,"column":35}},"21":{"start":{"line":32,"column":18},"end":{"line":32,"column":36}},"22":{"start":{"line":33,"column":16},"end":{"line":33,"column":32}},"23":{"start":{"line":34,"column":4},"end":{"line":36,"column":5}},"24":{"start":{"line":35,"column":6},"end":{"line":35,"column":71}},"25":{"start":{"line":37,"column":22},"end":{"line":37,"column":74}},"26":{"start":{"line":38,"column":4},"end":{"line":40,"column":5}},"27":{"start":{"line":39,"column":6},"end":{"line":39,"column":75}},"28":{"start":{"line":42,"column":19},"end":{"line":42,"column":39}},"29":{"start":{"line":43,"column":4},"end":{"line":92,"column":5}},"30":{"start":{"line":44,"column":6},"end":{"line":44,"column":34}},"31":{"start":{"line":47,"column":29},"end":{"line":47,"column":106}},"32":{"start":{"line":48,"column":6},"end":{"line":50,"column":7}},"33":{"start":{"line":49,"column":8},"end":{"line":49,"column":129}},"34":{"start":{"line":52,"column":26},"end":{"line":59,"column":16}},"35":{"start":{"line":61,"column":24},"end":{"line":61,"column":83}},"36":{"start":{"line":64,"column":6},"end":{"line":67,"column":8}},"37":{"start":{"line":70,"column":6},"end":{"line":74,"column":8}},"38":{"start":{"line":76,"column":6},"end":{"line":76,"column":35}},"39":{"start":{"line":79,"column":25},"end":{"line":79,"column":72}},"40":{"start":{"line":80,"column":6},"end":{"line":84,"column":9}},"41":{"start":{"line":86,"column":6},"end":{"line":86,"column":25}},"42":{"start":{"line":88,"column":6},"end":{"line":88,"column":37}},"43":{"start":{"line":89,"column":6},"end":{"line":89,"column":18}},"44":{"start":{"line":91,"column":6},"end":{"line":91,"column":23}},"45":{"start":{"line":96,"column":4},"end":{"line":98,"column":5}},"46":{"start":{"line":97,"column":6},"end":{"line":97,"column":71}},"47":{"start":{"line":100,"column":19},"end":{"line":100,"column":39}},"48":{"start":{"line":101,"column":27},"end":{"line":101,"column":31}},"49":{"start":{"line":102,"column":4},"end":{"line":171,"column":5}},"50":{"start":{"line":103,"column":6},"end":{"line":103,"column":34}},"51":{"start":{"line":105,"column":6},"end":{"line":105,"column":73}},"52":{"start":{"line":106,"column":6},"end":{"line":108,"column":7}},"53":{"start":{"line":107,"column":8},"end":{"line":107,"column":63}},"54":{"start":{"line":110,"column":6},"end":{"line":112,"column":7}},"55":{"start":{"line":111,"column":8},"end":{"line":111,"column":127}},"56":{"start":{"line":115,"column":6},"end":{"line":137,"column":7}},"57":{"start":{"line":116,"column":33},"end":{"line":120,"column":9}},"58":{"start":{"line":123,"column":8},"end":{"line":136,"column":9}},"59":{"start":{"line":124,"column":10},"end":{"line":126,"column":11}},"60":{"start":{"line":125,"column":12},"end":{"line":125,"column":152}},"61":{"start":{"line":127,"column":29},"end":{"line":127,"column":75}},"62":{"start":{"line":128,"column":10},"end":{"line":133,"column":12}},"63":{"start":{"line":135,"column":10},"end":{"line":135,"column":174}},"64":{"start":{"line":140,"column":22},"end":{"line":140,"column":81}},"65":{"start":{"line":143,"column":6},"end":{"line":148,"column":17}},"66":{"start":{"line":151,"column":6},"end":{"line":154,"column":8}},"67":{"start":{"line":157,"column":6},"end":{"line":161,"column":8}},"68":{"start":{"line":163,"column":6},"end":{"line":163,"column":35}},"69":{"start":{"line":164,"column":6},"end":{"line":164,"column":91}},"70":{"start":{"line":166,"column":6},"end":{"line":166,"column":37}},"71":{"start":{"line":167,"column":6},"end":{"line":167,"column":79}},"72":{"start":{"line":168,"column":6},"end":{"line":168,"column":18}},"73":{"start":{"line":170,"column":6},"end":{"line":170,"column":23}},"74":{"start":{"line":174,"column":4},"end":{"line":180,"column":5}},"75":{"start":{"line":175,"column":6},"end":{"line":179,"column":9}},"76":{"start":{"line":182,"column":4},"end":{"line":182,"column":28}},"77":{"start":{"line":186,"column":0},"end":{"line":186,"column":36}}},"fnMap":{"0":{"name":"(anonymous_0)","decl":{"start":{"line":8,"column":2},"end":{"line":8,"column":3}},"loc":{"start":{"line":8,"column":30},"end":{"line":10,"column":3}},"line":8},"1":{"name":"(anonymous_1)","decl":{"start":{"line":12,"column":2},"end":{"line":12,"column":3}},"loc":{"start":{"line":12,"column":24},"end":{"line":14,"column":3}},"line":12},"2":{"name":"(anonymous_2)","decl":{"start":{"line":16,"column":2},"end":{"line":16,"column":3}},"loc":{"start":{"line":16,"column":27},"end":{"line":29,"column":3}},"line":16},"3":{"name":"(anonymous_3)","decl":{"start":{"line":19,"column":17},"end":{"line":19,"column":18}},"loc":{"start":{"line":19,"column":24},"end":{"line":27,"column":5}},"line":19},"4":{"name":"(anonymous_4)","decl":{"start":{"line":31,"column":2},"end":{"line":31,"column":3}},"loc":{"start":{"line":31,"column":88},"end":{"line":93,"column":3}},"line":31},"5":{"name":"(anonymous_5)","decl":{"start":{"line":95,"column":2},"end":{"line":95,"column":3}},"loc":{"start":{"line":95,"column":69},"end":{"line":183,"column":3}},"line":95}},"branchMap":{"0":{"loc":{"start":{"line":20,"column":6},"end":{"line":22,"column":7}},"type":"if","locations":[{"start":{"line":20,"column":6},"end":{"line":22,"column":7}},{"start":{},"end":{}}],"line":20},"1":{"loc":{"start":{"line":23,"column":6},"end":{"line":23,"column":90}},"type":"if","locations":[{"start":{"line":23,"column":6},"end":{"line":23,"column":90}},{"start":{},"end":{}}],"line":23},"2":{"loc":{"start":{"line":24,"column":6},"end":{"line":24,"column":86}},"type":"if","locations":[{"start":{"line":24,"column":6},"end":{"line":24,"column":86}},{"start":{},"end":{}}],"line":24},"3":{"loc":{"start":{"line":25,"column":6},"end":{"line":25,"column":90}},"type":"if","locations":[{"start":{"line":25,"column":6},"end":{"line":25,"column":90}},{"start":{},"end":{}}],"line":25},"4":{"loc":{"start":{"line":26,"column":6},"end":{"line":26,"column":96}},"type":"if","locations":[{"start":{"line":26,"column":6},"end":{"line":26,"column":96}},{"start":{},"end":{}}],"line":26},"5":{"loc":{"start":{"line":34,"column":4},"end":{"line":36,"column":5}},"type":"if","locations":[{"start":{"line":34,"column":4},"end":{"line":36,"column":5}},{"start":{},"end":{}}],"line":34},"6":{"loc":{"start":{"line":34,"column":8},"end":{"line":34,"column":54}},"type":"binary-expr","locations":[{"start":{"line":34,"column":8},"end":{"line":34,"column":30}},{"start":{"line":34,"column":34},"end":{"line":34,"column":54}}],"line":34},"7":{"loc":{"start":{"line":38,"column":4},"end":{"line":40,"column":5}},"type":"if","locations":[{"start":{"line":38,"column":4},"end":{"line":40,"column":5}},{"start":{},"end":{}}],"line":38},"8":{"loc":{"start":{"line":48,"column":6},"end":{"line":50,"column":7}},"type":"if","locations":[{"start":{"line":48,"column":6},"end":{"line":50,"column":7}},{"start":{},"end":{}}],"line":48},"9":{"loc":{"start":{"line":48,"column":10},"end":{"line":48,"column":63}},"type":"binary-expr","locations":[{"start":{"line":48,"column":10},"end":{"line":48,"column":33}},{"start":{"line":48,"column":37},"end":{"line":48,"column":63}}],"line":48},"10":{"loc":{"start":{"line":79,"column":25},"end":{"line":79,"column":72}},"type":"binary-expr","locations":[{"start":{"line":79,"column":25},"end":{"line":79,"column":47}},{"start":{"line":79,"column":51},"end":{"line":79,"column":72}}],"line":79},"11":{"loc":{"start":{"line":83,"column":132},"end":{"line":83,"column":157}},"type":"binary-expr","locations":[{"start":{"line":83,"column":132},"end":{"line":83,"column":138}},{"start":{"line":83,"column":142},"end":{"line":83,"column":157}}],"line":83},"12":{"loc":{"start":{"line":96,"column":4},"end":{"line":98,"column":5}},"type":"if","locations":[{"start":{"line":96,"column":4},"end":{"line":98,"column":5}},{"start":{},"end":{}}],"line":96},"13":{"loc":{"start":{"line":96,"column":8},"end":{"line":96,"column":54}},"type":"binary-expr","locations":[{"start":{"line":96,"column":8},"end":{"line":96,"column":29}},{"start":{"line":96,"column":33},"end":{"line":96,"column":54}}],"line":96},"14":{"loc":{"start":{"line":106,"column":6},"end":{"line":108,"column":7}},"type":"if","locations":[{"start":{"line":106,"column":6},"end":{"line":108,"column":7}},{"start":{},"end":{}}],"line":106},"15":{"loc":{"start":{"line":110,"column":6},"end":{"line":112,"column":7}},"type":"if","locations":[{"start":{"line":110,"column":6},"end":{"line":112,"column":7}},{"start":{},"end":{}}],"line":110},"16":{"loc":{"start":{"line":115,"column":6},"end":{"line":137,"column":7}},"type":"if","locations":[{"start":{"line":115,"column":6},"end":{"line":137,"column":7}},{"start":{},"end":{}}],"line":115},"17":{"loc":{"start":{"line":123,"column":8},"end":{"line":136,"column":9}},"type":"if","locations":[{"start":{"line":123,"column":8},"end":{"line":136,"column":9}},{"start":{"line":134,"column":15},"end":{"line":136,"column":9}}],"line":123},"18":{"loc":{"start":{"line":124,"column":10},"end":{"line":126,"column":11}},"type":"if","locations":[{"start":{"line":124,"column":10},"end":{"line":126,"column":11}},{"start":{},"end":{}}],"line":124},"19":{"loc":{"start":{"line":174,"column":4},"end":{"line":180,"column":5}},"type":"if","locations":[{"start":{"line":174,"column":4},"end":{"line":180,"column":5}},{"start":{},"end":{}}],"line":174},"20":{"loc":{"start":{"line":174,"column":8},"end":{"line":174,"column":59}},"type":"binary-expr","locations":[{"start":{"line":174,"column":8},"end":{"line":174,"column":24}},{"start":{"line":174,"column":28},"end":{"line":174,"column":59}}],"line":174},"21":{"loc":{"start":{"line":178,"column":223},"end":{"line":178,"column":240}},"type":"binary-expr","locations":[{"start":{"line":178,"column":223},"end":{"line":178,"column":230}},{"start":{"line":178,"column":234},"end":{"line":178,"column":240}}],"line":178}},"s":{"0":1,"1":1,"2":1,"3":1,"4":1,"5":1,"6":1,"7":1,"8":1,"9":1,"10":2,"11":1,"12":2,"13":1,"14":2,"15":1,"16":2,"17":0,"18":2,"19":0,"20":1,"21":3,"22":3,"23":3,"24":1,"25":2,"26":2,"27":0,"28":2,"29":2,"30":2,"31":2,"32":2,"33":1,"34":1,"35":1,"36":1,"37":1,"38":1,"39":1,"40":1,"41":1,"42":1,"43":1,"44":2,"45":3,"46":0,"47":3,"48":3,"49":3,"50":3,"51":3,"52":3,"53":0,"54":3,"55":1,"56":2,"57":1,"58":1,"59":1,"60":0,"61":1,"62":1,"63":0,"64":2,"65":2,"66":2,"67":2,"68":2,"69":2,"70":1,"71":1,"72":1,"73":3,"74":2,"75":2,"76":2,"77":1},"f":{"0":1,"1":1,"2":1,"3":2,"4":3,"5":3},"b":{"0":[1,1],"1":[1,1],"2":[1,1],"3":[0,2],"4":[0,2],"5":[1,2],"6":[3,2],"7":[0,2],"8":[1,1],"9":[2,2],"10":[1,1],"11":[1,0],"12":[0,3],"13":[3,1],"14":[0,3],"15":[1,2],"16":[1,1],"17":[1,0],"18":[0,1],"19":[2,0],"20":[2,2],"21":[2,0]},"_coverageSchema":"1a1c01bbd47fc00a2c39e90264f33305004495a9","hash":"e534fed23be20de42cce2b38e5dbfaf4e648f869"}
,"C:\\Users\\91883\\OneDrive\\Desktop\\coding\\employee_system\\backend\\src\\utils\\email.js": {"path":"C:\\Users\\91883\\OneDrive\\Desktop\\coding\\employee_system\\backend\\src\\utils\\email.js","statementMap":{"0":{"start":{"line":1,"column":19},"end":{"line":1,"column":40}},"1":{"start":{"line":2,"column":15},"end":{"line":2,"column":34}},"2":{"start":{"line":4,"column":13},"end":{"line":4,"column":57}},"3":{"start":{"line":5,"column":13},"end":{"line":5,"column":59}},"4":{"start":{"line":6,"column":13},"end":{"line":6,"column":35}},"5":{"start":{"line":7,"column":17},"end":{"line":7,"column":43}},"6":{"start":{"line":9,"column":20},"end":{"line":13,"column":2}},"7":{"start":{"line":15,"column":18},"end":{"line":44,"column":1}},"8":{"start":{"line":16,"column":2},"end":{"line":43,"column":3}},"9":{"start":{"line":17,"column":4},"end":{"line":20,"column":5}},"10":{"start":{"line":18,"column":6},"end":{"line":18,"column":73}},"11":{"start":{"line":19,"column":6},"end":{"line":19,"column":18}},"12":{"start":{"line":23,"column":4},"end":{"line":27,"column":5}},"13":{"start":{"line":24,"column":6},"end":{"line":24,"column":90}},"14":{"start":{"line":25,"column":6},"end":{"line":25,"column":43}},"15":{"start":{"line":26,"column":6},"end":{"line":26,"column":52}},"16":{"start":{"line":29,"column":17},"end":{"line":35,"column":6}},"17":{"start":{"line":37,"column":4},"end":{"line":37,"column":62}},"18":{"start":{"line":38,"column":4},"end":{"line":38,"column":16}},"19":{"start":{"line":40,"column":4},"end":{"line":40,"column":68}},"20":{"start":{"line":42,"column":4},"end":{"line":42,"column":16}},"21":{"start":{"line":46,"column":0},"end":{"line":46,"column":31}}},"fnMap":{"0":{"name":"(anonymous_0)","decl":{"start":{"line":15,"column":18},"end":{"line":15,"column":19}},"loc":{"start":{"line":15,"column":57},"end":{"line":44,"column":1}},"line":15}},"branchMap":{"0":{"loc":{"start":{"line":4,"column":13},"end":{"line":4,"column":57}},"type":"binary-expr","locations":[{"start":{"line":4,"column":13},"end":{"line":4,"column":35}},{"start":{"line":4,"column":39},"end":{"line":4,"column":57}}],"line":4},"1":{"loc":{"start":{"line":5,"column":22},"end":{"line":5,"column":54}},"type":"binary-expr","locations":[{"start":{"line":5,"column":22},"end":{"line":5,"column":44}},{"start":{"line":5,"column":48},"end":{"line":5,"column":54}}],"line":5},"2":{"loc":{"start":{"line":12,"column":8},"end":{"line":12,"column":63}},"type":"cond-expr","locations":[{"start":{"line":12,"column":27},"end":{"line":12,"column":51}},{"start":{"line":12,"column":54},"end":{"line":12,"column":63}}],"line":12},"3":{"loc":{"start":{"line":12,"column":8},"end":{"line":12,"column":24}},"type":"binary-expr","locations":[{"start":{"line":12,"column":8},"end":{"line":12,"column":12}},{"start":{"line":12,"column":16},"end":{"line":12,"column":24}}],"line":12},"4":{"loc":{"start":{"line":17,"column":4},"end":{"line":20,"column":5}},"type":"if","locations":[{"start":{"line":17,"column":4},"end":{"line":20,"column":5}},{"start":{},"end":{}}],"line":17},"5":{"loc":{"start":{"line":23,"column":4},"end":{"line":27,"column":5}},"type":"if","locations":[{"start":{"line":23,"column":4},"end":{"line":27,"column":5}},{"start":{},"end":{}}],"line":23},"6":{"loc":{"start":{"line":23,"column":8},"end":{"line":23,"column":26}},"type":"binary-expr","locations":[{"start":{"line":23,"column":8},"end":{"line":23,"column":13}},{"start":{"line":23,"column":17},"end":{"line":23,"column":26}}],"line":23},"7":{"loc":{"start":{"line":25,"column":27},"end":{"line":25,"column":39}},"type":"binary-expr","locations":[{"start":{"line":25,"column":27},"end":{"line":25,"column":31}},{"start":{"line":25,"column":35},"end":{"line":25,"column":39}}],"line":25}},"s":{"0":2,"1":2,"2":2,"3":2,"4":2,"5":2,"6":2,"7":2,"8":0,"9":0,"10":0,"11":0,"12":0,"13":0,"14":0,"15":0,"16":0,"17":0,"18":0,"19":0,"20":0,"21":2},"f":{"0":0},"b":{"0":[2,2],"1":[2,2],"2":[0,2],"3":[2,0],"4":[0,0],"5":[0,0],"6":[0,0],"7":[0,0]},"_coverageSchema":"1a1c01bbd47fc00a2c39e90264f33305004495a9","hash":"1c6eedcceb620a40f257beb7e48482c0dec91381"}
,"C:\\Users\\91883\\OneDrive\\Desktop\\coding\\employee_system\\backend\\src\\utils\\errors.js": {"path":"C:\\Users\\91883\\OneDrive\\Desktop\\coding\\employee_system\\backend\\src\\utils\\errors.js","statementMap":{"0":{"start":{"line":3,"column":4},"end":{"line":3,"column":19}},"1":{"start":{"line":4,"column":4},"end":{"line":4,"column":25}},"2":{"start":{"line":5,"column":4},"end":{"line":5,"column":25}},"3":{"start":{"line":6,"column":4},"end":{"line":6,"column":52}},"4":{"start":{"line":12,"column":4},"end":{"line":12,"column":24}},"5":{"start":{"line":18,"column":4},"end":{"line":18,"column":24}},"6":{"start":{"line":24,"column":4},"end":{"line":24,"column":24}},"7":{"start":{"line":30,"column":4},"end":{"line":30,"column":24}},"8":{"start":{"line":34,"column":0},"end":{"line":40,"column":2}}},"fnMap":{"0":{"name":"(anonymous_0)","decl":{"start":{"line":2,"column":2},"end":{"line":2,"column":3}},"loc":{"start":{"line":2,"column":31},"end":{"line":7,"column":3}},"line":2},"1":{"name":"(anonymous_1)","decl":{"start":{"line":11,"column":2},"end":{"line":11,"column":3}},"loc":{"start":{"line":11,"column":39},"end":{"line":13,"column":3}},"line":11},"2":{"name":"(anonymous_2)","decl":{"start":{"line":17,"column":2},"end":{"line":17,"column":3}},"loc":{"start":{"line":17,"column":40},"end":{"line":19,"column":3}},"line":17},"3":{"name":"(anonymous_3)","decl":{"start":{"line":23,"column":2},"end":{"line":23,"column":3}},"loc":{"start":{"line":23,"column":37},"end":{"line":25,"column":3}},"line":23},"4":{"name":"(anonymous_4)","decl":{"start":{"line":29,"column":2},"end":{"line":29,"column":3}},"loc":{"start":{"line":29,"column":37},"end":{"line":31,"column":3}},"line":29}},"branchMap":{"0":{"loc":{"start":{"line":11,"column":14},"end":{"line":11,"column":37}},"type":"default-arg","locations":[{"start":{"line":11,"column":24},"end":{"line":11,"column":37}}],"line":11},"1":{"loc":{"start":{"line":17,"column":14},"end":{"line":17,"column":38}},"type":"default-arg","locations":[{"start":{"line":17,"column":24},"end":{"line":17,"column":38}}],"line":17},"2":{"loc":{"start":{"line":23,"column":14},"end":{"line":23,"column":35}},"type":"default-arg","locations":[{"start":{"line":23,"column":24},"end":{"line":23,"column":35}}],"line":23},"3":{"loc":{"start":{"line":29,"column":14},"end":{"line":29,"column":35}},"type":"default-arg","locations":[{"start":{"line":29,"column":24},"end":{"line":29,"column":35}}],"line":29}},"s":{"0":14,"1":14,"2":14,"3":14,"4":9,"5":1,"6":0,"7":4,"8":4},"f":{"0":14,"1":9,"2":1,"3":0,"4":4},"b":{"0":[0],"1":[0],"2":[0],"3":[0]},"_coverageSchema":"1a1c01bbd47fc00a2c39e90264f33305004495a9","hash":"9531547dfd64fbd44e67d06a49d31cf7ab3a92d4"}
,"C:\\Users\\91883\\OneDrive\\Desktop\\coding\\employee_system\\backend\\src\\utils\\logger.js": {"path":"C:\\Users\\91883\\OneDrive\\Desktop\\coding\\employee_system\\backend\\src\\utils\\logger.js","statementMap":{"0":{"start":{"line":1,"column":16},"end":{"line":1,"column":34}},"1":{"start":{"line":3,"column":15},"end":{"line":18,"column":2}},"2":{"start":{"line":21,"column":0},"end":{"line":28,"column":1}},"3":{"start":{"line":22,"column":2},"end":{"line":27,"column":6}},"4":{"start":{"line":30,"column":0},"end":{"line":30,"column":24}}},"fnMap":{},"branchMap":{"0":{"loc":{"start":{"line":21,"column":0},"end":{"line":28,"column":1}},"type":"if","locations":[{"start":{"line":21,"column":0},"end":{"line":28,"column":1}},{"start":{},"end":{}}],"line":21}},"s":{"0":6,"1":6,"2":6,"3":6,"4":6},"f":{},"b":{"0":[6,0]},"_coverageSchema":"1a1c01bbd47fc00a2c39e90264f33305004495a9","hash":"ecada81815fe45dcd863dc41757c8059b34728d5"}
}
