TN:
SF:src\config\db.js
FN:15,(anonymous_0)
FNF:1
FNH:0
FNDA:0,(anonymous_0)
DA:1,1
DA:3,1
DA:13,1
DA:15,0
LF:4
LH:3
BRDA:3,0,0,0
BRDA:3,0,1,1
BRDA:6,1,0,1
BRDA:6,1,1,1
BRDA:7,2,0,1
BRDA:7,2,1,1
BRDA:8,3,0,1
BRDA:8,3,1,1
BRDA:9,4,0,1
BRDA:9,4,1,1
BRDA:10,5,0,1
BRDA:10,5,1,1
BRF:12
BRH:11
end_of_record
TN:
SF:src\repositories\assetRepository.js
FN:4,(anonymous_0)
FN:88,(anonymous_1)
FN:93,(anonymous_2)
FN:103,(anonymous_3)
FN:111,(anonymous_4)
FN:120,(anonymous_5)
FN:129,(anonymous_6)
FN:137,(anonymous_7)
FNF:8
FNH:0
FNDA:0,(anonymous_0)
FNDA:0,(anonymous_1)
FNDA:0,(anonymous_2)
FNDA:0,(anonymous_3)
FNDA:0,(anonymous_4)
FNDA:0,(anonymous_5)
FNDA:0,(anonymous_6)
FNDA:0,(anonymous_7)
DA:1,1
DA:5,0
DA:12,0
DA:14,0
DA:15,0
DA:16,0
DA:19,0
DA:20,0
DA:21,0
DA:24,0
DA:25,0
DA:26,0
DA:27,0
DA:29,0
DA:30,0
DA:34,0
DA:35,0
DA:36,0
DA:39,0
DA:41,0
DA:42,0
DA:43,0
DA:46,0
DA:49,0
DA:56,0
DA:58,0
DA:59,0
DA:60,0
DA:62,0
DA:63,0
DA:64,0
DA:66,0
DA:67,0
DA:68,0
DA:69,0
DA:71,0
DA:72,0
DA:75,0
DA:76,0
DA:77,0
DA:80,0
DA:82,0
DA:89,0
DA:90,0
DA:94,0
DA:95,0
DA:100,0
DA:104,0
DA:108,0
DA:112,0
DA:117,0
DA:121,0
DA:126,0
DA:130,0
DA:138,0
DA:145,0
DA:149,1
LF:57
LH:2
BRDA:14,0,0,0
BRDA:14,0,1,0
BRDA:19,1,0,0
BRDA:19,1,1,0
BRDA:24,2,0,0
BRDA:24,2,1,0
BRDA:25,3,0,0
BRDA:25,3,1,0
BRDA:34,4,0,0
BRDA:34,4,1,0
BRDA:41,5,0,0
BRDA:41,5,1,0
BRDA:41,6,0,0
BRDA:41,6,1,0
BRDA:58,7,0,0
BRDA:58,7,1,0
BRDA:62,8,0,0
BRDA:62,8,1,0
BRDA:66,9,0,0
BRDA:66,9,1,0
BRDA:67,10,0,0
BRDA:67,10,1,0
BRDA:75,11,0,0
BRDA:75,11,1,0
BRDA:88,12,0,0
BRDA:93,13,0,0
BRDA:98,14,0,0
BRDA:98,14,1,0
BRDA:98,15,0,0
BRDA:98,15,1,0
BRDA:103,16,0,0
BRDA:111,17,0,0
BRDA:120,18,0,0
BRDA:129,19,0,0
BRF:34
BRH:0
end_of_record
TN:
SF:src\repositories\authRepository.js
FN:4,(anonymous_0)
FN:15,(anonymous_1)
FN:25,(anonymous_2)
FNF:3
FNH:0
FNDA:0,(anonymous_0)
FNDA:0,(anonymous_1)
FNDA:0,(anonymous_2)
DA:1,1
DA:5,0
DA:12,0
DA:16,0
DA:22,0
DA:26,0
DA:32,0
DA:36,1
LF:8
LH:2
BRDA:30,0,0,0
BRDA:30,0,1,0
BRF:2
BRH:0
end_of_record
TN:
SF:src\repositories\employeeRepository.js
FN:4,(anonymous_0)
FN:39,(anonymous_1)
FN:63,(anonymous_2)
FN:76,(anonymous_3)
FN:87,(anonymous_4)
FN:95,(anonymous_5)
FN:105,(anonymous_6)
FN:109,(anonymous_7)
FN:110,(anonymous_8)
FN:115,(anonymous_9)
FNF:10
FNH:0
FNDA:0,(anonymous_0)
FNDA:0,(anonymous_1)
FNDA:0,(anonymous_2)
FNDA:0,(anonymous_3)
FNDA:0,(anonymous_4)
FNDA:0,(anonymous_5)
FNDA:0,(anonymous_6)
FNDA:0,(anonymous_7)
FNDA:0,(anonymous_8)
FNDA:0,(anonymous_9)
DA:1,1
DA:5,0
DA:14,0
DA:16,0
DA:17,0
DA:18,0
DA:21,0
DA:22,0
DA:23,0
DA:26,0
DA:28,0
DA:29,0
DA:30,0
DA:31,0
DA:32,0
DA:35,0
DA:36,0
DA:40,0
DA:47,0
DA:49,0
DA:50,0
DA:51,0
DA:54,0
DA:55,0
DA:56,0
DA:59,0
DA:60,0
DA:64,0
DA:72,0
DA:73,0
DA:77,0
DA:84,0
DA:88,0
DA:92,0
DA:96,0
DA:102,0
DA:106,0
DA:110,0
DA:111,0
DA:112,0
DA:116,0
DA:117,0
DA:121,1
LF:43
LH:2
BRDA:16,0,0,0
BRDA:16,0,1,0
BRDA:21,1,0,0
BRDA:21,1,1,0
BRDA:28,2,0,0
BRDA:28,2,1,0
BRDA:28,3,0,0
BRDA:28,3,1,0
BRDA:49,4,0,0
BRDA:49,4,1,0
BRDA:54,5,0,0
BRDA:54,5,1,0
BRDA:87,6,0,0
BRDA:95,7,0,0
BRDA:100,8,0,0
BRDA:100,8,1,0
BRDA:100,9,0,0
BRDA:100,9,1,0
BRDA:105,10,0,0
BRDA:109,11,0,0
BRF:20
BRH:0
end_of_record
TN:
SF:src\repositories\leaveRepository.js
FN:4,(anonymous_0)
FN:51,(anonymous_1)
FN:56,(anonymous_2)
FN:68,(anonymous_3)
FN:80,(anonymous_4)
FN:88,(anonymous_5)
FN:95,(anonymous_6)
FN:104,(anonymous_7)
FN:109,(anonymous_8)
FN:117,(anonymous_9)
FNF:10
FNH:0
FNDA:0,(anonymous_0)
FNDA:0,(anonymous_1)
FNDA:0,(anonymous_2)
FNDA:0,(anonymous_3)
FNDA:0,(anonymous_4)
FNDA:0,(anonymous_5)
FNDA:0,(anonymous_6)
FNDA:0,(anonymous_7)
FNDA:0,(anonymous_8)
FNDA:0,(anonymous_9)
DA:1,1
DA:5,0
DA:13,0
DA:16,0
DA:17,0
DA:18,0
DA:19,0
DA:21,0
DA:22,0
DA:23,0
DA:25,0
DA:26,0
DA:30,0
DA:31,0
DA:32,0
DA:35,0
DA:36,0
DA:37,0
DA:40,0
DA:41,0
DA:42,0
DA:45,0
DA:47,0
DA:48,0
DA:52,0
DA:53,0
DA:57,0
DA:64,0
DA:65,0
DA:69,0
DA:77,0
DA:81,0
DA:85,0
DA:89,0
DA:96,0
DA:101,0
DA:105,0
DA:106,0
DA:110,0
DA:114,0
DA:118,0
DA:123,0
DA:127,1
LF:43
LH:2
BRDA:16,0,0,0
BRDA:16,0,1,0
BRDA:19,1,0,0
BRDA:19,1,1,0
BRDA:21,2,0,0
BRDA:21,2,1,0
BRDA:30,3,0,0
BRDA:30,3,1,0
BRDA:35,4,0,0
BRDA:35,4,1,0
BRDA:40,5,0,0
BRDA:40,5,1,0
BRDA:68,6,0,0
BRDA:80,7,0,0
BRDA:85,8,0,0
BRDA:85,8,1,0
BRDA:88,9,0,0
BRDA:95,10,0,0
BRDA:104,11,0,0
BRDA:106,12,0,0
BRDA:106,12,1,0
BRDA:109,13,0,0
BRDA:117,14,0,0
BRDA:121,15,0,0
BRDA:121,15,1,0
BRF:25
BRH:0
end_of_record
TN:
SF:src\services\assetService.js
FN:8,(anonymous_0)
FN:21,(anonymous_1)
FN:29,(anonymous_2)
FN:57,(anonymous_3)
FN:124,(anonymous_4)
FN:167,(anonymous_5)
FNF:6
FNH:5
FNDA:1,(anonymous_0)
FNDA:2,(anonymous_1)
FNDA:1,(anonymous_2)
FNDA:3,(anonymous_3)
FNDA:2,(anonymous_4)
FNDA:0,(anonymous_5)
DA:1,1
DA:2,1
DA:3,1
DA:4,1
DA:5,1
DA:9,1
DA:10,1
DA:11,1
DA:22,2
DA:23,2
DA:24,1
DA:26,1
DA:30,1
DA:31,1
DA:32,1
DA:33,1
DA:36,1
DA:43,1
DA:45,1
DA:46,1
DA:47,1
DA:49,0
DA:50,0
DA:51,0
DA:53,1
DA:58,3
DA:59,3
DA:60,3
DA:61,3
DA:62,3
DA:63,3
DA:65,3
DA:66,3
DA:67,1
DA:69,2
DA:70,1
DA:74,1
DA:75,1
DA:76,0
DA:78,1
DA:81,1
DA:84,1
DA:87,1
DA:90,1
DA:96,1
DA:102,1
DA:103,1
DA:105,2
DA:106,2
DA:107,2
DA:109,3
DA:113,1
DA:114,1
DA:121,1
DA:125,2
DA:126,2
DA:127,2
DA:128,2
DA:130,2
DA:134,2
DA:135,1
DA:137,1
DA:140,1
DA:143,1
DA:146,1
DA:149,1
DA:155,1
DA:156,1
DA:157,1
DA:159,1
DA:160,1
DA:161,1
DA:163,2
DA:168,0
DA:172,1
LF:75
LH:70
BRDA:9,0,0,1
BRDA:9,0,1,0
BRDA:10,1,0,1
BRDA:10,1,1,0
BRDA:23,2,0,1
BRDA:23,2,1,1
BRDA:66,3,0,1
BRDA:66,3,1,2
BRDA:69,4,0,1
BRDA:69,4,1,1
BRDA:75,5,0,0
BRDA:75,5,1,1
BRDA:113,6,0,1
BRDA:113,6,1,0
BRDA:113,7,0,1
BRDA:113,7,1,1
BRDA:113,7,2,1
BRDA:134,8,0,1
BRDA:134,8,1,1
BRF:19
BRH:15
end_of_record
TN:
SF:src\services\authService.js
FN:10,(anonymous_0)
FN:30,(anonymous_1)
FN:47,(anonymous_2)
FNF:3
FNH:2
FNDA:2,(anonymous_0)
FNDA:5,(anonymous_1)
FNDA:0,(anonymous_2)
DA:1,1
DA:2,1
DA:3,1
DA:4,1
DA:5,1
DA:7,1
DA:11,2
DA:12,2
DA:13,1
DA:16,1
DA:19,1
DA:22,1
DA:23,1
DA:25,1
DA:27,1
DA:31,5
DA:32,5
DA:33,1
DA:34,1
DA:37,4
DA:38,1
DA:39,1
DA:43,3
DA:44,3
DA:45,1
DA:47,2
DA:50,3
DA:51,1
DA:52,1
DA:55,2
DA:57,2
DA:70,1
LF:32
LH:32
BRDA:7,0,0,1
BRDA:7,0,1,1
BRDA:12,1,0,1
BRDA:12,1,1,1
BRDA:16,2,0,1
BRDA:16,2,1,0
BRDA:32,3,0,1
BRDA:32,3,1,4
BRDA:37,4,0,1
BRDA:37,4,1,3
BRDA:44,5,0,1
BRDA:44,5,1,2
BRDA:50,6,0,1
BRDA:50,6,1,2
BRF:14
BRH:13
end_of_record
TN:
SF:src\services\employeeService.js
FN:7,(anonymous_0)
FN:13,(anonymous_1)
FN:21,(anonymous_2)
FN:29,(anonymous_3)
FN:83,(anonymous_4)
FN:134,(anonymous_5)
FN:186,(anonymous_6)
FNF:7
FNH:7
FNDA:1,(anonymous_0)
FNDA:2,(anonymous_1)
FNDA:2,(anonymous_2)
FNDA:3,(anonymous_3)
FNDA:1,(anonymous_4)
FNDA:2,(anonymous_5)
FNDA:2,(anonymous_6)
DA:1,1
DA:2,1
DA:3,1
DA:4,1
DA:8,1
DA:9,1
DA:10,1
DA:14,2
DA:15,2
DA:16,1
DA:19,1
DA:20,1
DA:21,2
DA:23,0
DA:26,1
DA:30,3
DA:31,3
DA:32,3
DA:33,3
DA:35,3
DA:36,3
DA:37,3
DA:40,3
DA:41,2
DA:42,1
DA:46,1
DA:51,1
DA:54,1
DA:55,1
DA:56,1
DA:60,1
DA:61,1
DA:63,0
DA:67,0
DA:72,1
DA:77,1
DA:80,1
DA:81,1
DA:83,1
DA:85,1
DA:86,1
DA:91,1
DA:92,1
DA:94,0
DA:98,0
DA:100,1
DA:108,1
DA:109,1
DA:115,1
DA:116,1
DA:122,1
DA:123,1
DA:124,1
DA:126,2
DA:127,2
DA:128,2
DA:130,3
DA:135,2
DA:137,2
DA:138,2
DA:139,2
DA:141,2
DA:142,2
DA:143,0
DA:147,2
DA:150,1
DA:151,1
DA:154,1
DA:155,1
DA:156,1
DA:160,1
DA:161,1
DA:167,1
DA:168,1
DA:174,1
DA:175,1
DA:176,1
DA:178,1
DA:179,1
DA:180,1
DA:182,2
DA:187,2
DA:188,2
DA:189,1
DA:192,1
DA:194,1
DA:200,1
DA:201,1
DA:205,1
LF:89
LH:83
BRDA:15,0,0,1
BRDA:15,0,1,1
BRDA:19,1,0,1
BRDA:19,1,1,0
BRDA:41,2,0,1
BRDA:41,2,1,1
BRDA:55,3,0,1
BRDA:55,3,1,0
BRDA:55,4,0,1
BRDA:55,4,1,1
BRDA:60,5,0,1
BRDA:60,5,1,0
BRDA:75,6,0,1
BRDA:75,6,1,0
BRDA:80,7,0,1
BRDA:80,7,1,0
BRDA:80,8,0,1
BRDA:80,8,1,1
BRDA:91,9,0,1
BRDA:91,9,1,0
BRDA:142,10,0,0
BRDA:142,10,1,2
BRDA:155,11,0,1
BRDA:155,11,1,0
BRDA:155,12,0,1
BRDA:155,12,1,1
BRDA:188,13,0,1
BRDA:188,13,1,1
BRF:28
BRH:20
end_of_record
TN:
SF:src\services\leaveService.js
FN:8,(anonymous_0)
FN:12,(anonymous_1)
FN:16,(anonymous_2)
FN:19,(anonymous_3)
FN:31,(anonymous_4)
FN:95,(anonymous_5)
FNF:6
FNH:6
FNDA:1,(anonymous_0)
FNDA:1,(anonymous_1)
FNDA:1,(anonymous_2)
FNDA:2,(anonymous_3)
FNDA:3,(anonymous_4)
FNDA:3,(anonymous_5)
DA:1,1
DA:2,1
DA:3,1
DA:4,1
DA:5,1
DA:9,1
DA:13,1
DA:17,1
DA:18,1
DA:19,1
DA:20,2
DA:21,1
DA:23,2
DA:24,2
DA:25,2
DA:26,2
DA:28,1
DA:32,3
DA:33,3
DA:34,3
DA:35,1
DA:37,2
DA:38,2
DA:39,0
DA:42,2
DA:43,2
DA:44,2
DA:47,2
DA:48,2
DA:49,1
DA:52,1
DA:61,1
DA:64,1
DA:70,1
DA:76,1
DA:79,1
DA:80,1
DA:86,1
DA:88,1
DA:89,1
DA:91,2
DA:96,3
DA:97,0
DA:100,3
DA:101,3
DA:102,3
DA:103,3
DA:105,3
DA:106,3
DA:107,0
DA:110,3
DA:111,1
DA:115,2
DA:116,1
DA:123,1
DA:124,1
DA:125,0
DA:127,1
DA:128,1
DA:135,0
DA:140,2
DA:143,2
DA:151,2
DA:157,2
DA:163,2
DA:164,2
DA:166,1
DA:167,1
DA:168,1
DA:170,3
DA:174,2
DA:175,2
DA:182,2
DA:186,1
LF:74
LH:69
BRDA:20,0,0,1
BRDA:20,0,1,1
BRDA:23,1,0,1
BRDA:23,1,1,1
BRDA:24,2,0,1
BRDA:24,2,1,1
BRDA:25,3,0,0
BRDA:25,3,1,2
BRDA:26,4,0,0
BRDA:26,4,1,2
BRDA:34,5,0,1
BRDA:34,5,1,2
BRDA:34,6,0,3
BRDA:34,6,1,2
BRDA:38,7,0,0
BRDA:38,7,1,2
BRDA:48,8,0,1
BRDA:48,8,1,1
BRDA:48,9,0,2
BRDA:48,9,1,2
BRDA:79,10,0,1
BRDA:79,10,1,1
BRDA:83,11,0,1
BRDA:83,11,1,0
BRDA:96,12,0,0
BRDA:96,12,1,3
BRDA:96,13,0,3
BRDA:96,13,1,1
BRDA:106,14,0,0
BRDA:106,14,1,3
BRDA:110,15,0,1
BRDA:110,15,1,2
BRDA:115,16,0,1
BRDA:115,16,1,1
BRDA:123,17,0,1
BRDA:123,17,1,0
BRDA:124,18,0,0
BRDA:124,18,1,1
BRDA:174,19,0,2
BRDA:174,19,1,0
BRDA:174,20,0,2
BRDA:174,20,1,2
BRDA:178,21,0,2
BRDA:178,21,1,0
BRF:44
BRH:34
end_of_record
TN:
SF:src\utils\email.js
FN:15,(anonymous_0)
FNF:1
FNH:0
FNDA:0,(anonymous_0)
DA:1,2
DA:2,2
DA:4,2
DA:5,2
DA:6,2
DA:7,2
DA:9,2
DA:15,2
DA:16,0
DA:17,0
DA:18,0
DA:19,0
DA:23,0
DA:24,0
DA:25,0
DA:26,0
DA:29,0
DA:37,0
DA:38,0
DA:40,0
DA:42,0
DA:46,2
LF:22
LH:9
BRDA:4,0,0,2
BRDA:4,0,1,2
BRDA:5,1,0,2
BRDA:5,1,1,2
BRDA:12,2,0,0
BRDA:12,2,1,2
BRDA:12,3,0,2
BRDA:12,3,1,0
BRDA:17,4,0,0
BRDA:17,4,1,0
BRDA:23,5,0,0
BRDA:23,5,1,0
BRDA:23,6,0,0
BRDA:23,6,1,0
BRDA:25,7,0,0
BRDA:25,7,1,0
BRF:16
BRH:6
end_of_record
TN:
SF:src\utils\errors.js
FN:2,(anonymous_0)
FN:11,(anonymous_1)
FN:17,(anonymous_2)
FN:23,(anonymous_3)
FN:29,(anonymous_4)
FNF:5
FNH:4
FNDA:14,(anonymous_0)
FNDA:9,(anonymous_1)
FNDA:1,(anonymous_2)
FNDA:0,(anonymous_3)
FNDA:4,(anonymous_4)
DA:3,14
DA:4,14
DA:5,14
DA:6,14
DA:12,9
DA:18,1
DA:24,0
DA:30,4
DA:34,4
LF:9
LH:8
BRDA:11,0,0,0
BRDA:17,1,0,0
BRDA:23,2,0,0
BRDA:29,3,0,0
BRF:4
BRH:0
end_of_record
TN:
SF:src\utils\logger.js
FNF:0
FNH:0
DA:1,6
DA:3,6
DA:21,6
DA:22,6
DA:30,6
LF:5
LH:5
BRDA:21,0,0,6
BRDA:21,0,1,0
BRF:2
BRH:1
end_of_record
